{"/Users/susansomerset/checkpoint/src/middleware.ts": {"path":"/Users/susansomerset/checkpoint/src/middleware.ts","statementMap":{"0":{"start":{"line":5,"column":13},"end":{"line":5,"column":22}},"1":{"start":{"line":3,"column":0},"end":{"line":3,"column":15}},"2":{"start":{"line":1,"column":43},"end":{"line":1,"column":null}},"3":{"start":{"line":3,"column":15},"end":{"line":3,"column":null}},"4":{"start":{"line":5,"column":22},"end":{"line":11,"column":null}}},"fnMap":{},"branchMap":{},"s":{"0":0,"1":0,"2":0,"3":0,"4":0},"f":{},"b":{}}
,"/Users/susansomerset/checkpoint/src/types.ts": {"path":"/Users/susansomerset/checkpoint/src/types.ts","statementMap":{"0":{"start":{"line":2,"column":13},"end":{"line":2,"column":31}},"1":{"start":{"line":2,"column":31},"end":{"line":2,"column":null}}},"fnMap":{},"branchMap":{"0":{"loc":{"start":{"line":2,"column":31},"end":{"line":2,"column":null}},"type":"binary-expr","locations":[{"start":{"line":2,"column":31},"end":{"line":2,"column":58}},{"start":{"line":2,"column":62},"end":{"line":2,"column":null}}]}},"s":{"0":0,"1":0},"f":{},"b":{"0":[0,0]}}
,"/Users/susansomerset/checkpoint/src/app/layout.tsx": {"path":"/Users/susansomerset/checkpoint/src/app/layout.tsx","statementMap":{"0":{"start":{"line":24,"column":24},"end":{"line":24,"column":35}},"1":{"start":{"line":16,"column":13},"end":{"line":16,"column":34}},"2":{"start":{"line":2,"column":47},"end":{"line":2,"column":null}},"3":{"start":{"line":3,"column":29},"end":{"line":3,"column":null}},"4":{"start":{"line":4,"column":7},"end":{"line":4,"column":null}},"5":{"start":{"line":6,"column":18},"end":{"line":9,"column":null}},"6":{"start":{"line":11,"column":18},"end":{"line":14,"column":null}},"7":{"start":{"line":16,"column":34},"end":{"line":22,"column":null}}},"fnMap":{"0":{"name":"RootLayout","decl":{"start":{"line":24,"column":24},"end":{"line":24,"column":35}},"loc":{"start":{"line":28,"column":2},"end":{"line":40,"column":null}}}},"branchMap":{},"s":{"0":0,"1":0,"2":0,"3":0,"4":0,"5":0,"6":0,"7":0},"f":{"0":0},"b":{}}
,"/Users/susansomerset/checkpoint/src/app/page.tsx": {"path":"/Users/susansomerset/checkpoint/src/app/page.tsx","statementMap":{"0":{"start":{"line":28,"column":24},"end":{"line":28,"column":null}},"1":{"start":{"line":3,"column":24},"end":{"line":3,"column":null}},"2":{"start":{"line":4,"column":26},"end":{"line":4,"column":null}},"3":{"start":{"line":5,"column":26},"end":{"line":5,"column":null}},"4":{"start":{"line":8,"column":22},"end":{"line":10,"column":null}},"5":{"start":{"line":9,"column":4},"end":{"line":9,"column":null}},"6":{"start":{"line":12,"column":23},"end":{"line":14,"column":null}},"7":{"start":{"line":13,"column":4},"end":{"line":13,"column":null}},"8":{"start":{"line":29,"column":37},"end":{"line":29,"column":null}},"9":{"start":{"line":30,"column":17},"end":{"line":30,"column":null}},"10":{"start":{"line":32,"column":2},"end":{"line":40,"column":null}},"11":{"start":{"line":33,"column":4},"end":{"line":39,"column":null}},"12":{"start":{"line":35,"column":20},"end":{"line":37,"column":null}},"13":{"start":{"line":36,"column":8},"end":{"line":36,"column":null}},"14":{"start":{"line":38,"column":6},"end":{"line":38,"column":null}},"15":{"start":{"line":38,"column":19},"end":{"line":38,"column":null}},"16":{"start":{"line":42,"column":2},"end":{"line":49,"column":null}},"17":{"start":{"line":51,"column":2},"end":{"line":59,"column":null}},"18":{"start":{"line":61,"column":2},"end":{"line":69,"column":null}}},"fnMap":{"0":{"name":"AuthButtons","decl":{"start":{"line":7,"column":9},"end":{"line":7,"column":null}},"loc":{"start":{"line":7,"column":9},"end":{"line":26,"column":null}}},"1":{"name":"(anonymous_2)","decl":{"start":{"line":8,"column":22},"end":{"line":8,"column":null}},"loc":{"start":{"line":8,"column":22},"end":{"line":10,"column":null}}},"2":{"name":"(anonymous_3)","decl":{"start":{"line":12,"column":23},"end":{"line":12,"column":null}},"loc":{"start":{"line":12,"column":23},"end":{"line":14,"column":null}}},"3":{"name":"Home","decl":{"start":{"line":28,"column":24},"end":{"line":28,"column":null}},"loc":{"start":{"line":28,"column":24},"end":{"line":78,"column":null}}},"4":{"name":"(anonymous_5)","decl":{"start":{"line":32,"column":12},"end":{"line":32,"column":null}},"loc":{"start":{"line":32,"column":12},"end":{"line":40,"column":5}}},"5":{"name":"(anonymous_6)","decl":{"start":{"line":35,"column":31},"end":{"line":35,"column":null}},"loc":{"start":{"line":35,"column":31},"end":{"line":37,"column":9}}},"6":{"name":"(anonymous_7)","decl":{"start":{"line":38,"column":13},"end":{"line":38,"column":19}},"loc":{"start":{"line":38,"column":19},"end":{"line":38,"column":null}}}},"branchMap":{"0":{"loc":{"start":{"line":33,"column":4},"end":{"line":39,"column":null}},"type":"if","locations":[{"start":{"line":33,"column":4},"end":{"line":39,"column":null}},{"start":{},"end":{}}]},"1":{"loc":{"start":{"line":42,"column":2},"end":{"line":49,"column":null}},"type":"if","locations":[{"start":{"line":42,"column":2},"end":{"line":49,"column":null}},{"start":{},"end":{}}]},"2":{"loc":{"start":{"line":51,"column":2},"end":{"line":59,"column":null}},"type":"if","locations":[{"start":{"line":51,"column":2},"end":{"line":59,"column":null}},{"start":{},"end":{}}]},"3":{"loc":{"start":{"line":55,"column":19},"end":{"line":55,"column":53}},"type":"binary-expr","locations":[{"start":{"line":55,"column":19},"end":{"line":55,"column":28}},{"start":{"line":55,"column":32},"end":{"line":55,"column":42}},{"start":{"line":55,"column":46},"end":{"line":55,"column":53}}]},"4":{"loc":{"start":{"line":61,"column":2},"end":{"line":69,"column":null}},"type":"if","locations":[{"start":{"line":61,"column":2},"end":{"line":69,"column":null}},{"start":{},"end":{}}]}},"s":{"0":0,"1":0,"2":0,"3":0,"4":0,"5":0,"6":0,"7":0,"8":0,"9":0,"10":0,"11":0,"12":0,"13":0,"14":0,"15":0,"16":0,"17":0,"18":0},"f":{"0":0,"1":0,"2":0,"3":0,"4":0,"5":0,"6":0},"b":{"0":[0,0],"1":[0,0],"2":[0,0],"3":[0,0,0],"4":[0,0]}}
,"/Users/susansomerset/checkpoint/src/app/api/auth/[auth0]/route.ts": {"path":"/Users/susansomerset/checkpoint/src/app/api/auth/[auth0]/route.ts","statementMap":{"0":{"start":{"line":4,"column":13},"end":{"line":4,"column":19}},"1":{"start":{"line":9,"column":13},"end":{"line":9,"column":20}},"2":{"start":{"line":1,"column":40},"end":{"line":1,"column":null}},"3":{"start":{"line":4,"column":19},"end":{"line":8,"column":null}},"4":{"start":{"line":9,"column":20},"end":{"line":9,"column":null}}},"fnMap":{},"branchMap":{},"s":{"0":0,"1":0,"2":0,"3":0,"4":0},"f":{},"b":{}}
,"/Users/susansomerset/checkpoint/src/app/api/auth/me/route.ts": {"path":"/Users/susansomerset/checkpoint/src/app/api/auth/me/route.ts","statementMap":{"0":{"start":{"line":4,"column":22},"end":{"line":4,"column":26}},"1":{"start":{"line":1,"column":42},"end":{"line":1,"column":null}},"2":{"start":{"line":2,"column":27},"end":{"line":2,"column":null}},"3":{"start":{"line":5,"column":14},"end":{"line":5,"column":null}},"4":{"start":{"line":6,"column":18},"end":{"line":6,"column":null}},"5":{"start":{"line":7,"column":2},"end":{"line":12,"column":null}}},"fnMap":{"0":{"name":"GET","decl":{"start":{"line":4,"column":22},"end":{"line":4,"column":26}},"loc":{"start":{"line":4,"column":42},"end":{"line":13,"column":null}}}},"branchMap":{"0":{"loc":{"start":{"line":9,"column":9},"end":{"line":9,"column":null}},"type":"binary-expr","locations":[{"start":{"line":9,"column":9},"end":{"line":9,"column":31}},{"start":{"line":9,"column":31},"end":{"line":9,"column":null}}]},"1":{"loc":{"start":{"line":10,"column":11},"end":{"line":10,"column":null}},"type":"binary-expr","locations":[{"start":{"line":10,"column":11},"end":{"line":10,"column":35}},{"start":{"line":10,"column":35},"end":{"line":10,"column":null}}]},"2":{"loc":{"start":{"line":11,"column":10},"end":{"line":11,"column":null}},"type":"binary-expr","locations":[{"start":{"line":11,"column":10},"end":{"line":11,"column":33}},{"start":{"line":11,"column":33},"end":{"line":11,"column":null}}]}},"s":{"0":0,"1":0,"2":0,"3":0,"4":0,"5":0},"f":{"0":0},"b":{"0":[0,0],"1":[0,0],"2":[0,0]}}
,"/Users/susansomerset/checkpoint/src/app/api/auth/validate/route.ts": {"path":"/Users/susansomerset/checkpoint/src/app/api/auth/validate/route.ts","statementMap":{"0":{"start":{"line":4,"column":22},"end":{"line":4,"column":26}},"1":{"start":{"line":1,"column":42},"end":{"line":1,"column":null}},"2":{"start":{"line":2,"column":27},"end":{"line":2,"column":null}},"3":{"start":{"line":5,"column":2},"end":{"line":34,"column":null}},"4":{"start":{"line":6,"column":16},"end":{"line":6,"column":null}},"5":{"start":{"line":7,"column":20},"end":{"line":7,"column":null}},"6":{"start":{"line":9,"column":4},"end":{"line":14,"column":null}},"7":{"start":{"line":10,"column":6},"end":{"line":13,"column":null}},"8":{"start":{"line":20,"column":4},"end":{"line":28,"column":null}},"9":{"start":{"line":30,"column":4},"end":{"line":33,"column":null}}},"fnMap":{"0":{"name":"GET","decl":{"start":{"line":4,"column":22},"end":{"line":4,"column":26}},"loc":{"start":{"line":4,"column":42},"end":{"line":35,"column":null}}}},"branchMap":{"0":{"loc":{"start":{"line":9,"column":4},"end":{"line":14,"column":null}},"type":"if","locations":[{"start":{"line":9,"column":4},"end":{"line":14,"column":null}},{"start":{},"end":{}}]},"1":{"loc":{"start":{"line":9,"column":8},"end":{"line":9,"column":33}},"type":"binary-expr","locations":[{"start":{"line":9,"column":8},"end":{"line":9,"column":20}},{"start":{"line":9,"column":20},"end":{"line":9,"column":33}}]}},"s":{"0":0,"1":0,"2":0,"3":0,"4":0,"5":0,"6":0,"7":0,"8":0,"9":0},"f":{"0":0},"b":{"0":[0,0],"1":[0,0]}}
,"/Users/susansomerset/checkpoint/src/app/api/metadata/route.ts": {"path":"/Users/susansomerset/checkpoint/src/app/api/metadata/route.ts","statementMap":{"0":{"start":{"line":4,"column":22},"end":{"line":4,"column":null}},"1":{"start":{"line":42,"column":22},"end":{"line":42,"column":27}},"2":{"start":{"line":1,"column":42},"end":{"line":1,"column":null}},"3":{"start":{"line":2,"column":25},"end":{"line":2,"column":null}},"4":{"start":{"line":5,"column":2},"end":{"line":39,"column":null}},"5":{"start":{"line":6,"column":4},"end":{"line":6,"column":null}},"6":{"start":{"line":7,"column":17},"end":{"line":7,"column":null}},"7":{"start":{"line":8,"column":4},"end":{"line":8,"column":null}},"8":{"start":{"line":9,"column":4},"end":{"line":9,"column":null}},"9":{"start":{"line":11,"column":4},"end":{"line":35,"column":null}},"10":{"start":{"line":13,"column":6},"end":{"line":16,"column":null}},"11":{"start":{"line":14,"column":8},"end":{"line":14,"column":null}},"12":{"start":{"line":15,"column":8},"end":{"line":15,"column":null}},"13":{"start":{"line":20,"column":6},"end":{"line":29,"column":null}},"14":{"start":{"line":21,"column":8},"end":{"line":26,"column":null}},"15":{"start":{"line":22,"column":10},"end":{"line":22,"column":null}},"16":{"start":{"line":24,"column":10},"end":{"line":24,"column":null}},"17":{"start":{"line":25,"column":10},"end":{"line":25,"column":null}},"18":{"start":{"line":28,"column":8},"end":{"line":28,"column":23}},"19":{"start":{"line":30,"column":6},"end":{"line":30,"column":null}},"20":{"start":{"line":31,"column":6},"end":{"line":31,"column":null}},"21":{"start":{"line":33,"column":6},"end":{"line":33,"column":null}},"22":{"start":{"line":34,"column":6},"end":{"line":34,"column":null}},"23":{"start":{"line":37,"column":4},"end":{"line":37,"column":null}},"24":{"start":{"line":38,"column":4},"end":{"line":38,"column":null}},"25":{"start":{"line":43,"column":2},"end":{"line":52,"column":null}},"26":{"start":{"line":44,"column":21},"end":{"line":44,"column":null}},"27":{"start":{"line":45,"column":4},"end":{"line":45,"column":null}},"28":{"start":{"line":46,"column":4},"end":{"line":46,"column":null}},"29":{"start":{"line":47,"column":4},"end":{"line":47,"column":null}},"30":{"start":{"line":48,"column":4},"end":{"line":48,"column":null}},"31":{"start":{"line":50,"column":4},"end":{"line":50,"column":null}},"32":{"start":{"line":51,"column":4},"end":{"line":51,"column":null}}},"fnMap":{"0":{"name":"GET","decl":{"start":{"line":4,"column":22},"end":{"line":4,"column":null}},"loc":{"start":{"line":4,"column":22},"end":{"line":40,"column":null}}},"1":{"name":"POST","decl":{"start":{"line":42,"column":22},"end":{"line":42,"column":27}},"loc":{"start":{"line":42,"column":43},"end":{"line":53,"column":null}}}},"branchMap":{"0":{"loc":{"start":{"line":11,"column":4},"end":{"line":35,"column":null}},"type":"if","locations":[{"start":{"line":11,"column":4},"end":{"line":35,"column":null}},{"start":{"line":32,"column":11},"end":{"line":35,"column":null}}]},"1":{"loc":{"start":{"line":13,"column":6},"end":{"line":16,"column":null}},"type":"if","locations":[{"start":{"line":13,"column":6},"end":{"line":16,"column":null}},{"start":{},"end":{}}]},"2":{"loc":{"start":{"line":20,"column":6},"end":{"line":29,"column":null}},"type":"if","locations":[{"start":{"line":20,"column":6},"end":{"line":29,"column":null}},{"start":{"line":27,"column":13},"end":{"line":29,"column":null}}]}},"s":{"0":0,"1":0,"2":0,"3":0,"4":0,"5":0,"6":0,"7":0,"8":0,"9":0,"10":0,"11":0,"12":0,"13":0,"14":0,"15":0,"16":0,"17":0,"18":0,"19":0,"20":0,"21":0,"22":0,"23":0,"24":0,"25":0,"26":0,"27":0,"28":0,"29":0,"30":0,"31":0,"32":0},"f":{"0":0,"1":0},"b":{"0":[0,0],"1":[0,0],"2":[0,0]}}
,"/Users/susansomerset/checkpoint/src/app/api/student-data/route.ts": {"path":"/Users/susansomerset/checkpoint/src/app/api/student-data/route.ts","statementMap":{"0":{"start":{"line":7,"column":22},"end":{"line":7,"column":26}},"1":{"start":{"line":29,"column":22},"end":{"line":29,"column":26}},"2":{"start":{"line":2,"column":31},"end":{"line":2,"column":null}},"3":{"start":{"line":3,"column":49},"end":{"line":3,"column":null}},"4":{"start":{"line":4,"column":34},"end":{"line":4,"column":null}},"5":{"start":{"line":5,"column":20},"end":{"line":5,"column":null}},"6":{"start":{"line":8,"column":2},"end":{"line":8,"column":null}},"7":{"start":{"line":11,"column":6},"end":{"line":21,"column":null}},"8":{"start":{"line":12,"column":28},"end":{"line":12,"column":null}},"9":{"start":{"line":13,"column":8},"end":{"line":13,"column":null}},"10":{"start":{"line":14,"column":8},"end":{"line":18,"column":null}},"11":{"start":{"line":15,"column":25},"end":{"line":15,"column":null}},"12":{"start":{"line":16,"column":10},"end":{"line":16,"column":null}},"13":{"start":{"line":17,"column":10},"end":{"line":17,"column":null}},"14":{"start":{"line":20,"column":8},"end":{"line":20,"column":null}},"15":{"start":{"line":24,"column":2},"end":{"line":24,"column":null}},"16":{"start":{"line":25,"column":15},"end":{"line":25,"column":null}},"17":{"start":{"line":26,"column":2},"end":{"line":26,"column":null}},"18":{"start":{"line":30,"column":2},"end":{"line":30,"column":null}},"19":{"start":{"line":31,"column":15},"end":{"line":31,"column":null}},"20":{"start":{"line":32,"column":17},"end":{"line":32,"column":null}},"21":{"start":{"line":33,"column":2},"end":{"line":33,"column":null}},"22":{"start":{"line":34,"column":2},"end":{"line":34,"column":null}}},"fnMap":{"0":{"name":"GET","decl":{"start":{"line":7,"column":22},"end":{"line":7,"column":26}},"loc":{"start":{"line":7,"column":42},"end":{"line":27,"column":null}}},"1":{"name":"PUT","decl":{"start":{"line":29,"column":22},"end":{"line":29,"column":26}},"loc":{"start":{"line":29,"column":42},"end":{"line":35,"column":null}}}},"branchMap":{"0":{"loc":{"start":{"line":13,"column":45},"end":{"line":13,"column":81}},"type":"cond-expr","locations":[{"start":{"line":13,"column":59},"end":{"line":13,"column":69}},{"start":{"line":13,"column":69},"end":{"line":13,"column":81}}]},"1":{"loc":{"start":{"line":13,"column":86},"end":{"line":13,"column":123}},"type":"cond-expr","locations":[{"start":{"line":13,"column":100},"end":{"line":13,"column":118}},{"start":{"line":13,"column":121},"end":{"line":13,"column":123}}]},"2":{"loc":{"start":{"line":14,"column":8},"end":{"line":18,"column":null}},"type":"if","locations":[{"start":{"line":14,"column":8},"end":{"line":18,"column":null}},{"start":{},"end":{}}]},"3":{"loc":{"start":{"line":16,"column":43},"end":{"line":16,"column":101}},"type":"cond-expr","locations":[{"start":{"line":16,"column":61},"end":{"line":16,"column":96}},{"start":{"line":16,"column":99},"end":{"line":16,"column":101}}]},"4":{"loc":{"start":{"line":26,"column":23},"end":{"line":26,"column":null}},"type":"binary-expr","locations":[{"start":{"line":26,"column":23},"end":{"line":26,"column":31}},{"start":{"line":26,"column":31},"end":{"line":26,"column":null}}]}},"s":{"0":0,"1":0,"2":0,"3":0,"4":0,"5":0,"6":0,"7":0,"8":0,"9":0,"10":0,"11":0,"12":0,"13":0,"14":0,"15":0,"16":0,"17":0,"18":0,"19":0,"20":0,"21":0,"22":0},"f":{"0":0,"1":0},"b":{"0":[0,0],"1":[0,0],"2":[0,0],"3":[0,0],"4":[0,0]}}
,"/Users/susansomerset/checkpoint/src/app/api/student-data/reset/route.ts": {"path":"/Users/susansomerset/checkpoint/src/app/api/student-data/reset/route.ts","statementMap":{"0":{"start":{"line":15,"column":22},"end":{"line":15,"column":27}},"1":{"start":{"line":1,"column":13},"end":{"line":1,"column":23}},"2":{"start":{"line":3,"column":42},"end":{"line":3,"column":null}},"3":{"start":{"line":4,"column":27},"end":{"line":4,"column":null}},"4":{"start":{"line":5,"column":37},"end":{"line":5,"column":null}},"5":{"start":{"line":6,"column":43},"end":{"line":6,"column":null}},"6":{"start":{"line":7,"column":41},"end":{"line":7,"column":null}},"7":{"start":{"line":8,"column":29},"end":{"line":8,"column":null}},"8":{"start":{"line":10,"column":52},"end":{"line":10,"column":null}},"9":{"start":{"line":11,"column":28},"end":{"line":11,"column":null}},"10":{"start":{"line":12,"column":32},"end":{"line":12,"column":null}},"11":{"start":{"line":1,"column":23},"end":{"line":1,"column":null}},"12":{"start":{"line":16,"column":2},"end":{"line":225,"column":null}},"13":{"start":{"line":19,"column":16},"end":{"line":19,"column":null}},"14":{"start":{"line":20,"column":20},"end":{"line":20,"column":null}},"15":{"start":{"line":21,"column":4},"end":{"line":23,"column":null}},"16":{"start":{"line":22,"column":6},"end":{"line":22,"column":null}},"17":{"start":{"line":28,"column":26},"end":{"line":28,"column":null}},"18":{"start":{"line":30,"column":24},"end":{"line":30,"column":null}},"19":{"start":{"line":31,"column":4},"end":{"line":31,"column":null}},"20":{"start":{"line":33,"column":27},"end":{"line":33,"column":null}},"21":{"start":{"line":35,"column":22},"end":{"line":35,"column":null}},"22":{"start":{"line":36,"column":22},"end":{"line":36,"column":null}},"23":{"start":{"line":37,"column":4},"end":{"line":37,"column":null}},"24":{"start":{"line":40,"column":4},"end":{"line":42,"column":null}},"25":{"start":{"line":41,"column":6},"end":{"line":41,"column":null}},"26":{"start":{"line":45,"column":44},"end":{"line":45,"column":46}},"27":{"start":{"line":46,"column":4},"end":{"line":55,"column":null}},"28":{"start":{"line":47,"column":22},"end":{"line":47,"column":null}},"29":{"start":{"line":49,"column":35},"end":{"line":53,"column":null}},"30":{"start":{"line":49,"column":58},"end":{"line":53,"column":null}},"31":{"start":{"line":54,"column":6},"end":{"line":54,"column":null}},"32":{"start":{"line":57,"column":22},"end":{"line":57,"column":null}},"33":{"start":{"line":58,"column":4},"end":{"line":58,"column":null}},"34":{"start":{"line":61,"column":4},"end":{"line":63,"column":null}},"35":{"start":{"line":62,"column":6},"end":{"line":62,"column":null}},"36":{"start":{"line":66,"column":26},"end":{"line":66,"column":null}},"37":{"start":{"line":66,"column":65},"end":{"line":66,"column":69}},"38":{"start":{"line":67,"column":28},"end":{"line":67,"column":null}},"39":{"start":{"line":68,"column":31},"end":{"line":86,"column":null}},"40":{"start":{"line":69,"column":6},"end":{"line":85,"column":null}},"41":{"start":{"line":69,"column":67},"end":{"line":72,"column":10}},"42":{"start":{"line":73,"column":8},"end":{"line":84,"column":null}},"43":{"start":{"line":74,"column":10},"end":{"line":74,"column":null}},"44":{"start":{"line":75,"column":10},"end":{"line":75,"column":null}},"45":{"start":{"line":76,"column":10},"end":{"line":80,"column":null}},"46":{"start":{"line":82,"column":10},"end":{"line":82,"column":null}},"47":{"start":{"line":83,"column":10},"end":{"line":83,"column":23}},"48":{"start":{"line":88,"column":30},"end":{"line":88,"column":null}},"49":{"start":{"line":89,"column":32},"end":{"line":92,"column":null}},"50":{"start":{"line":90,"column":6},"end":{"line":90,"column":null}},"51":{"start":{"line":91,"column":6},"end":{"line":91,"column":null}},"52":{"start":{"line":94,"column":22},"end":{"line":94,"column":null}},"53":{"start":{"line":95,"column":31},"end":{"line":95,"column":79}},"54":{"start":{"line":96,"column":4},"end":{"line":96,"column":null}},"55":{"start":{"line":99,"column":4},"end":{"line":101,"column":null}},"56":{"start":{"line":100,"column":6},"end":{"line":100,"column":null}},"57":{"start":{"line":104,"column":128},"end":{"line":104,"column":130}},"58":{"start":{"line":105,"column":22},"end":{"line":105,"column":null}},"59":{"start":{"line":107,"column":4},"end":{"line":138,"column":null}},"60":{"start":{"line":109,"column":29},"end":{"line":110,"column":null}},"61":{"start":{"line":110,"column":8},"end":{"line":110,"column":null}},"62":{"start":{"line":110,"column":49},"end":{"line":110,"column":171}},"63":{"start":{"line":113,"column":6},"end":{"line":137,"column":null}},"64":{"start":{"line":114,"column":8},"end":{"line":135,"column":null}},"65":{"start":{"line":116,"column":34},"end":{"line":120,"column":null}},"66":{"start":{"line":122,"column":14},"end":{"line":134,"column":null}},"67":{"start":{"line":123,"column":16},"end":{"line":123,"column":null}},"68":{"start":{"line":124,"column":16},"end":{"line":124,"column":null}},"69":{"start":{"line":125,"column":16},"end":{"line":130,"column":null}},"70":{"start":{"line":132,"column":16},"end":{"line":132,"column":null}},"71":{"start":{"line":133,"column":16},"end":{"line":133,"column":29}},"72":{"start":{"line":140,"column":30},"end":{"line":140,"column":null}},"73":{"start":{"line":141,"column":42},"end":{"line":145,"column":null}},"74":{"start":{"line":142,"column":6},"end":{"line":142,"column":null}},"75":{"start":{"line":142,"column":26},"end":{"line":142,"column":null}},"76":{"start":{"line":143,"column":6},"end":{"line":143,"column":null}},"77":{"start":{"line":144,"column":6},"end":{"line":144,"column":null}},"78":{"start":{"line":147,"column":22},"end":{"line":147,"column":null}},"79":{"start":{"line":148,"column":29},"end":{"line":148,"column":136}},"80":{"start":{"line":148,"column":96},"end":{"line":148,"column":123}},"81":{"start":{"line":149,"column":23},"end":{"line":149,"column":48}},"82":{"start":{"line":150,"column":4},"end":{"line":150,"column":null}},"83":{"start":{"line":153,"column":4},"end":{"line":155,"column":null}},"84":{"start":{"line":154,"column":6},"end":{"line":154,"column":null}},"85":{"start":{"line":157,"column":25},"end":{"line":157,"column":null}},"86":{"start":{"line":158,"column":4},"end":{"line":158,"column":null}},"87":{"start":{"line":161,"column":27},"end":{"line":161,"column":null}},"88":{"start":{"line":164,"column":21},"end":{"line":164,"column":null}},"89":{"start":{"line":165,"column":4},"end":{"line":165,"column":null}},"90":{"start":{"line":167,"column":24},"end":{"line":173,"column":null}},"91":{"start":{"line":175,"column":22},"end":{"line":175,"column":null}},"92":{"start":{"line":176,"column":4},"end":{"line":176,"column":null}},"93":{"start":{"line":179,"column":22},"end":{"line":179,"column":null}},"94":{"start":{"line":180,"column":24},"end":{"line":180,"column":41}},"95":{"start":{"line":181,"column":27},"end":{"line":181,"column":30}},"96":{"start":{"line":182,"column":4},"end":{"line":182,"column":null}},"97":{"start":{"line":185,"column":22},"end":{"line":185,"column":null}},"98":{"start":{"line":186,"column":35},"end":{"line":186,"column":74}},"99":{"start":{"line":187,"column":29},"end":{"line":187,"column":77}},"100":{"start":{"line":188,"column":4},"end":{"line":188,"column":null}},"101":{"start":{"line":191,"column":22},"end":{"line":191,"column":null}},"102":{"start":{"line":192,"column":32},"end":{"line":192,"column":null}},"103":{"start":{"line":193,"column":30},"end":{"line":193,"column":33}},"104":{"start":{"line":194,"column":4},"end":{"line":194,"column":null}},"105":{"start":{"line":197,"column":26},"end":{"line":197,"column":null}},"106":{"start":{"line":198,"column":4},"end":{"line":198,"column":null}},"107":{"start":{"line":200,"column":4},"end":{"line":200,"column":null}},"108":{"start":{"line":203,"column":23},"end":{"line":203,"column":null}},"109":{"start":{"line":204,"column":4},"end":{"line":204,"column":null}},"110":{"start":{"line":206,"column":24},"end":{"line":206,"column":null}},"111":{"start":{"line":207,"column":4},"end":{"line":207,"column":null}},"112":{"start":{"line":209,"column":4},"end":{"line":217,"column":null}},"113":{"start":{"line":220,"column":4},"end":{"line":220,"column":null}},"114":{"start":{"line":221,"column":4},"end":{"line":224,"column":null}}},"fnMap":{"0":{"name":"POST","decl":{"start":{"line":15,"column":22},"end":{"line":15,"column":27}},"loc":{"start":{"line":15,"column":43},"end":{"line":226,"column":null}}},"1":{"name":"(anonymous_7)","decl":{"start":{"line":49,"column":47},"end":{"line":49,"column":58}},"loc":{"start":{"line":49,"column":58},"end":{"line":53,"column":null}}},"2":{"name":"(anonymous_8)","decl":{"start":{"line":66,"column":60},"end":{"line":66,"column":65}},"loc":{"start":{"line":66,"column":65},"end":{"line":66,"column":69}}},"3":{"name":"(anonymous_9)","decl":{"start":{"line":68,"column":49},"end":{"line":68,"column":null}},"loc":{"start":{"line":68,"column":49},"end":{"line":86,"column":null}}},"4":{"name":"(anonymous_10)","decl":{"start":{"line":69,"column":51},"end":{"line":69,"column":67}},"loc":{"start":{"line":69,"column":67},"end":{"line":72,"column":10}}},"5":{"name":"(anonymous_11)","decl":{"start":{"line":72,"column":16},"end":{"line":72,"column":17}},"loc":{"start":{"line":72,"column":17},"end":{"line":85,"column":null}}},"6":{"name":"(anonymous_12)","decl":{"start":{"line":89,"column":57},"end":{"line":89,"column":58}},"loc":{"start":{"line":89,"column":88},"end":{"line":92,"column":7}}},"7":{"name":"(anonymous_13)","decl":{"start":{"line":109,"column":44},"end":{"line":109,"column":null}},"loc":{"start":{"line":110,"column":8},"end":{"line":110,"column":null}}},"8":{"name":"(anonymous_14)","decl":{"start":{"line":110,"column":33},"end":{"line":110,"column":34}},"loc":{"start":{"line":110,"column":49},"end":{"line":110,"column":171}}},"9":{"name":"(anonymous_15)","decl":{"start":{"line":116,"column":18},"end":{"line":116,"column":34}},"loc":{"start":{"line":116,"column":34},"end":{"line":120,"column":null}}},"10":{"name":"(anonymous_16)","decl":{"start":{"line":121,"column":19},"end":{"line":121,"column":20}},"loc":{"start":{"line":121,"column":20},"end":{"line":135,"column":null}}},"11":{"name":"(anonymous_17)","decl":{"start":{"line":141,"column":67},"end":{"line":141,"column":68}},"loc":{"start":{"line":141,"column":109},"end":{"line":145,"column":7}}},"12":{"name":"(anonymous_18)","decl":{"start":{"line":148,"column":82},"end":{"line":148,"column":96}},"loc":{"start":{"line":148,"column":96},"end":{"line":148,"column":123}}}},"branchMap":{"0":{"loc":{"start":{"line":21,"column":4},"end":{"line":23,"column":null}},"type":"if","locations":[{"start":{"line":21,"column":4},"end":{"line":23,"column":null}},{"start":{},"end":{}}]},"1":{"loc":{"start":{"line":40,"column":4},"end":{"line":42,"column":null}},"type":"if","locations":[{"start":{"line":40,"column":4},"end":{"line":42,"column":null}},{"start":{},"end":{}}]},"2":{"loc":{"start":{"line":61,"column":4},"end":{"line":63,"column":null}},"type":"if","locations":[{"start":{"line":61,"column":4},"end":{"line":63,"column":null}},{"start":{},"end":{}}]},"3":{"loc":{"start":{"line":73,"column":8},"end":{"line":84,"column":null}},"type":"if","locations":[{"start":{"line":73,"column":8},"end":{"line":84,"column":null}},{"start":{"line":81,"column":15},"end":{"line":84,"column":null}}]},"4":{"loc":{"start":{"line":99,"column":4},"end":{"line":101,"column":null}},"type":"if","locations":[{"start":{"line":99,"column":4},"end":{"line":101,"column":null}},{"start":{},"end":{}}]},"5":{"loc":{"start":{"line":99,"column":8},"end":{"line":99,"column":80}},"type":"binary-expr","locations":[{"start":{"line":99,"column":8},"end":{"line":99,"column":50}},{"start":{"line":99,"column":54},"end":{"line":99,"column":80}}]},"6":{"loc":{"start":{"line":110,"column":49},"end":{"line":110,"column":171}},"type":"binary-expr","locations":[{"start":{"line":110,"column":49},"end":{"line":110,"column":112}},{"start":{"line":110,"column":112},"end":{"line":110,"column":171}}]},"7":{"loc":{"start":{"line":113,"column":6},"end":{"line":137,"column":null}},"type":"if","locations":[{"start":{"line":113,"column":6},"end":{"line":137,"column":null}},{"start":{},"end":{}}]},"8":{"loc":{"start":{"line":122,"column":14},"end":{"line":134,"column":null}},"type":"if","locations":[{"start":{"line":122,"column":14},"end":{"line":134,"column":null}},{"start":{"line":131,"column":21},"end":{"line":134,"column":null}}]},"9":{"loc":{"start":{"line":142,"column":6},"end":{"line":142,"column":null}},"type":"if","locations":[{"start":{"line":142,"column":6},"end":{"line":142,"column":null}},{"start":{},"end":{}}]},"10":{"loc":{"start":{"line":153,"column":4},"end":{"line":155,"column":null}},"type":"if","locations":[{"start":{"line":153,"column":4},"end":{"line":155,"column":null}},{"start":{},"end":{}}]},"11":{"loc":{"start":{"line":153,"column":8},"end":{"line":153,"column":54}},"type":"binary-expr","locations":[{"start":{"line":153,"column":8},"end":{"line":153,"column":38}},{"start":{"line":153,"column":38},"end":{"line":153,"column":54}}]},"12":{"loc":{"start":{"line":165,"column":40},"end":{"line":165,"column":74}},"type":"cond-expr","locations":[{"start":{"line":165,"column":51},"end":{"line":165,"column":62}},{"start":{"line":165,"column":62},"end":{"line":165,"column":74}}]},"13":{"loc":{"start":{"line":165,"column":79},"end":{"line":165,"column":123}},"type":"cond-expr","locations":[{"start":{"line":165,"column":90},"end":{"line":165,"column":118}},{"start":{"line":165,"column":121},"end":{"line":165,"column":123}}]},"14":{"loc":{"start":{"line":204,"column":43},"end":{"line":204,"column":77}},"type":"cond-expr","locations":[{"start":{"line":204,"column":56},"end":{"line":204,"column":68}},{"start":{"line":204,"column":68},"end":{"line":204,"column":77}}]},"15":{"loc":{"start":{"line":204,"column":82},"end":{"line":204,"column":117}},"type":"cond-expr","locations":[{"start":{"line":204,"column":95},"end":{"line":204,"column":112}},{"start":{"line":204,"column":115},"end":{"line":204,"column":117}}]}},"s":{"0":0,"1":0,"2":0,"3":0,"4":0,"5":0,"6":0,"7":0,"8":0,"9":0,"10":0,"11":0,"12":0,"13":0,"14":0,"15":0,"16":0,"17":0,"18":0,"19":0,"20":0,"21":0,"22":0,"23":0,"24":0,"25":0,"26":0,"27":0,"28":0,"29":0,"30":0,"31":0,"32":0,"33":0,"34":0,"35":0,"36":0,"37":0,"38":0,"39":0,"40":0,"41":0,"42":0,"43":0,"44":0,"45":0,"46":0,"47":0,"48":0,"49":0,"50":0,"51":0,"52":0,"53":0,"54":0,"55":0,"56":0,"57":0,"58":0,"59":0,"60":0,"61":0,"62":0,"63":0,"64":0,"65":0,"66":0,"67":0,"68":0,"69":0,"70":0,"71":0,"72":0,"73":0,"74":0,"75":0,"76":0,"77":0,"78":0,"79":0,"80":0,"81":0,"82":0,"83":0,"84":0,"85":0,"86":0,"87":0,"88":0,"89":0,"90":0,"91":0,"92":0,"93":0,"94":0,"95":0,"96":0,"97":0,"98":0,"99":0,"100":0,"101":0,"102":0,"103":0,"104":0,"105":0,"106":0,"107":0,"108":0,"109":0,"110":0,"111":0,"112":0,"113":0,"114":0},"f":{"0":0,"1":0,"2":0,"3":0,"4":0,"5":0,"6":0,"7":0,"8":0,"9":0,"10":0,"11":0,"12":0},"b":{"0":[0,0],"1":[0,0],"2":[0,0],"3":[0,0],"4":[0,0],"5":[0,0],"6":[0,0],"7":[0,0],"8":[0,0],"9":[0,0],"10":[0,0],"11":[0,0],"12":[0,0],"13":[0,0],"14":[0,0],"15":[0,0]}}
,"/Users/susansomerset/checkpoint/src/app/api/student-data/update/route.ts": {"path":"/Users/susansomerset/checkpoint/src/app/api/student-data/update/route.ts","statementMap":{"0":{"start":{"line":5,"column":22},"end":{"line":5,"column":27}},"1":{"start":{"line":2,"column":31},"end":{"line":2,"column":null}},"2":{"start":{"line":3,"column":49},"end":{"line":3,"column":null}},"3":{"start":{"line":6,"column":2},"end":{"line":6,"column":null}},"4":{"start":{"line":7,"column":18},"end":{"line":7,"column":null}},"5":{"start":{"line":9,"column":2},"end":{"line":9,"column":null}},"6":{"start":{"line":10,"column":2},"end":{"line":10,"column":null}}},"fnMap":{"0":{"name":"POST","decl":{"start":{"line":5,"column":22},"end":{"line":5,"column":27}},"loc":{"start":{"line":5,"column":43},"end":{"line":11,"column":null}}}},"branchMap":{"0":{"loc":{"start":{"line":7,"column":18},"end":{"line":7,"column":null}},"type":"binary-expr","locations":[{"start":{"line":7,"column":18},"end":{"line":7,"column":47}},{"start":{"line":7,"column":47},"end":{"line":7,"column":null}}]}},"s":{"0":0,"1":0,"2":0,"3":0,"4":0,"5":0,"6":0},"f":{"0":0},"b":{"0":[0,0]}}
,"/Users/susansomerset/checkpoint/src/app/dashboard/page.tsx": {"path":"/Users/susansomerset/checkpoint/src/app/dashboard/page.tsx","statementMap":{"0":{"start":{"line":40,"column":24},"end":{"line":40,"column":null}},"1":{"start":{"line":2,"column":18},"end":{"line":2,"column":null}},"2":{"start":{"line":3,"column":24},"end":{"line":3,"column":null}},"3":{"start":{"line":6,"column":26},"end":{"line":6,"column":null}},"4":{"start":{"line":9,"column":29},"end":{"line":9,"column":45}},"5":{"start":{"line":18,"column":2},"end":{"line":20,"column":null}},"6":{"start":{"line":21,"column":2},"end":{"line":29,"column":null}},"7":{"start":{"line":25,"column":10},"end":{"line":25,"column":28}},"8":{"start":{"line":33,"column":8},"end":{"line":33,"column":26}},"9":{"start":{"line":41,"column":48},"end":{"line":41,"column":null}},"10":{"start":{"line":42,"column":32},"end":{"line":42,"column":null}},"11":{"start":{"line":43,"column":28},"end":{"line":43,"column":null}},"12":{"start":{"line":44,"column":26},"end":{"line":44,"column":null}},"13":{"start":{"line":45,"column":42},"end":{"line":45,"column":null}},"14":{"start":{"line":46,"column":38},"end":{"line":46,"column":null}},"15":{"start":{"line":47,"column":36},"end":{"line":47,"column":null}},"16":{"start":{"line":48,"column":38},"end":{"line":48,"column":null}},"17":{"start":{"line":49,"column":42},"end":{"line":49,"column":null}},"18":{"start":{"line":50,"column":34},"end":{"line":50,"column":null}},"19":{"start":{"line":51,"column":48},"end":{"line":51,"column":null}},"20":{"start":{"line":52,"column":42},"end":{"line":52,"column":null}},"21":{"start":{"line":53,"column":46},"end":{"line":53,"column":null}},"22":{"start":{"line":54,"column":56},"end":{"line":54,"column":null}},"23":{"start":{"line":59,"column":2},"end":{"line":76,"column":null}},"24":{"start":{"line":61,"column":6},"end":{"line":72,"column":null}},"25":{"start":{"line":62,"column":20},"end":{"line":65,"column":null}},"26":{"start":{"line":66,"column":23},"end":{"line":66,"column":null}},"27":{"start":{"line":67,"column":8},"end":{"line":67,"column":null}},"28":{"start":{"line":69,"column":8},"end":{"line":69,"column":null}},"29":{"start":{"line":71,"column":8},"end":{"line":71,"column":null}},"30":{"start":{"line":75,"column":4},"end":{"line":75,"column":null}},"31":{"start":{"line":79,"column":4},"end":{"line":79,"column":22}},"32":{"start":{"line":79,"column":22},"end":{"line":79,"column":null}},"33":{"start":{"line":80,"column":4},"end":{"line":89,"column":null}},"34":{"start":{"line":81,"column":18},"end":{"line":81,"column":null}},"35":{"start":{"line":82,"column":6},"end":{"line":82,"column":null}},"36":{"start":{"line":82,"column":19},"end":{"line":82,"column":null}},"37":{"start":{"line":83,"column":19},"end":{"line":83,"column":null}},"38":{"start":{"line":84,"column":6},"end":{"line":84,"column":null}},"39":{"start":{"line":86,"column":6},"end":{"line":86,"column":null}},"40":{"start":{"line":88,"column":6},"end":{"line":88,"column":null}},"41":{"start":{"line":93,"column":4},"end":{"line":93,"column":null}},"42":{"start":{"line":94,"column":4},"end":{"line":94,"column":null}},"43":{"start":{"line":95,"column":4},"end":{"line":95,"column":null}},"44":{"start":{"line":96,"column":4},"end":{"line":113,"column":null}},"45":{"start":{"line":97,"column":18},"end":{"line":100,"column":null}},"46":{"start":{"line":101,"column":6},"end":{"line":101,"column":null}},"47":{"start":{"line":101,"column":19},"end":{"line":101,"column":null}},"48":{"start":{"line":102,"column":19},"end":{"line":102,"column":null}},"49":{"start":{"line":104,"column":6},"end":{"line":106,"column":null}},"50":{"start":{"line":105,"column":8},"end":{"line":105,"column":null}},"51":{"start":{"line":108,"column":6},"end":{"line":108,"column":null}},"52":{"start":{"line":110,"column":6},"end":{"line":110,"column":null}},"53":{"start":{"line":112,"column":6},"end":{"line":112,"column":null}},"54":{"start":{"line":117,"column":4},"end":{"line":117,"column":null}},"55":{"start":{"line":118,"column":4},"end":{"line":118,"column":null}},"56":{"start":{"line":119,"column":4},"end":{"line":128,"column":null}},"57":{"start":{"line":120,"column":18},"end":{"line":120,"column":null}},"58":{"start":{"line":121,"column":6},"end":{"line":121,"column":null}},"59":{"start":{"line":121,"column":19},"end":{"line":121,"column":null}},"60":{"start":{"line":122,"column":19},"end":{"line":122,"column":null}},"61":{"start":{"line":123,"column":6},"end":{"line":123,"column":null}},"62":{"start":{"line":125,"column":6},"end":{"line":125,"column":null}},"63":{"start":{"line":127,"column":6},"end":{"line":127,"column":null}},"64":{"start":{"line":132,"column":4},"end":{"line":132,"column":null}},"65":{"start":{"line":133,"column":4},"end":{"line":133,"column":null}},"66":{"start":{"line":134,"column":4},"end":{"line":134,"column":null}},"67":{"start":{"line":135,"column":4},"end":{"line":148,"column":null}},"68":{"start":{"line":136,"column":29},"end":{"line":136,"column":null}},"69":{"start":{"line":137,"column":18},"end":{"line":141,"column":null}},"70":{"start":{"line":142,"column":6},"end":{"line":142,"column":null}},"71":{"start":{"line":142,"column":19},"end":{"line":142,"column":null}},"72":{"start":{"line":143,"column":6},"end":{"line":143,"column":null}},"73":{"start":{"line":145,"column":6},"end":{"line":145,"column":null}},"74":{"start":{"line":147,"column":6},"end":{"line":147,"column":null}},"75":{"start":{"line":152,"column":2},"end":{"line":159,"column":null}},"76":{"start":{"line":161,"column":2},"end":{"line":174,"column":null}},"77":{"start":{"line":167,"column":25},"end":{"line":167,"column":null}},"78":{"start":{"line":176,"column":2},"end":{"line":189,"column":null}},"79":{"start":{"line":182,"column":25},"end":{"line":182,"column":null}},"80":{"start":{"line":191,"column":2},"end":{"line":204,"column":null}},"81":{"start":{"line":197,"column":25},"end":{"line":197,"column":null}},"82":{"start":{"line":211,"column":25},"end":{"line":211,"column":null}},"83":{"start":{"line":242,"column":31},"end":{"line":242,"column":null}}},"fnMap":{"0":{"name":"Toggle","decl":{"start":{"line":5,"column":9},"end":{"line":5,"column":16}},"loc":{"start":{"line":5,"column":81},"end":{"line":15,"column":null}}},"1":{"name":"(anonymous_3)","decl":{"start":{"line":9,"column":23},"end":{"line":9,"column":29}},"loc":{"start":{"line":9,"column":29},"end":{"line":9,"column":45}}},"2":{"name":"JsonNode","decl":{"start":{"line":17,"column":9},"end":{"line":17,"column":18}},"loc":{"start":{"line":17,"column":67},"end":{"line":37,"column":null}}},"3":{"name":"(anonymous_5)","decl":{"start":{"line":24,"column":18},"end":{"line":24,"column":19}},"loc":{"start":{"line":25,"column":10},"end":{"line":25,"column":28}}},"4":{"name":"(anonymous_6)","decl":{"start":{"line":32,"column":32},"end":{"line":32,"column":33}},"loc":{"start":{"line":33,"column":8},"end":{"line":33,"column":26}}},"5":{"name":"DashboardPage","decl":{"start":{"line":40,"column":24},"end":{"line":40,"column":null}},"loc":{"start":{"line":40,"column":24},"end":{"line":284,"column":null}}},"6":{"name":"(anonymous_8)","decl":{"start":{"line":59,"column":18},"end":{"line":59,"column":null}},"loc":{"start":{"line":59,"column":18},"end":{"line":76,"column":5}}},"7":{"name":"validateSession","decl":{"start":{"line":60,"column":19},"end":{"line":60,"column":null}},"loc":{"start":{"line":60,"column":19},"end":{"line":73,"column":null}}},"8":{"name":"getStudentData","decl":{"start":{"line":78,"column":17},"end":{"line":78,"column":null}},"loc":{"start":{"line":78,"column":17},"end":{"line":90,"column":null}}},"9":{"name":"resetStudentData","decl":{"start":{"line":92,"column":17},"end":{"line":92,"column":null}},"loc":{"start":{"line":92,"column":17},"end":{"line":114,"column":null}}},"10":{"name":"getMetadata","decl":{"start":{"line":116,"column":17},"end":{"line":116,"column":null}},"loc":{"start":{"line":116,"column":17},"end":{"line":129,"column":null}}},"11":{"name":"saveMetadata","decl":{"start":{"line":131,"column":17},"end":{"line":131,"column":null}},"loc":{"start":{"line":131,"column":17},"end":{"line":149,"column":null}}},"12":{"name":"(anonymous_14)","decl":{"start":{"line":167,"column":19},"end":{"line":167,"column":25}},"loc":{"start":{"line":167,"column":25},"end":{"line":167,"column":null}}},"13":{"name":"(anonymous_15)","decl":{"start":{"line":182,"column":19},"end":{"line":182,"column":25}},"loc":{"start":{"line":182,"column":25},"end":{"line":182,"column":null}}},"14":{"name":"(anonymous_16)","decl":{"start":{"line":197,"column":19},"end":{"line":197,"column":25}},"loc":{"start":{"line":197,"column":25},"end":{"line":197,"column":null}}},"15":{"name":"(anonymous_17)","decl":{"start":{"line":211,"column":19},"end":{"line":211,"column":25}},"loc":{"start":{"line":211,"column":25},"end":{"line":211,"column":null}}},"16":{"name":"(anonymous_18)","decl":{"start":{"line":242,"column":24},"end":{"line":242,"column":25}},"loc":{"start":{"line":242,"column":31},"end":{"line":242,"column":null}}}},"branchMap":{"0":{"loc":{"start":{"line":10,"column":9},"end":{"line":10,"column":26}},"type":"cond-expr","locations":[{"start":{"line":10,"column":16},"end":{"line":10,"column":22}},{"start":{"line":10,"column":22},"end":{"line":10,"column":26}}]},"1":{"loc":{"start":{"line":12,"column":7},"end":{"line":12,"column":15}},"type":"binary-expr","locations":[{"start":{"line":12,"column":7},"end":{"line":12,"column":15}}]},"2":{"loc":{"start":{"line":18,"column":2},"end":{"line":20,"column":null}},"type":"if","locations":[{"start":{"line":18,"column":2},"end":{"line":20,"column":null}},{"start":{},"end":{}}]},"3":{"loc":{"start":{"line":18,"column":6},"end":{"line":18,"column":49}},"type":"binary-expr","locations":[{"start":{"line":18,"column":6},"end":{"line":18,"column":23}},{"start":{"line":18,"column":23},"end":{"line":18,"column":49}}]},"4":{"loc":{"start":{"line":21,"column":2},"end":{"line":29,"column":null}},"type":"if","locations":[{"start":{"line":21,"column":2},"end":{"line":29,"column":null}},{"start":{},"end":{}}]},"5":{"loc":{"start":{"line":82,"column":6},"end":{"line":82,"column":null}},"type":"if","locations":[{"start":{"line":82,"column":6},"end":{"line":82,"column":null}},{"start":{},"end":{}}]},"6":{"loc":{"start":{"line":86,"column":15},"end":{"line":86,"column":null}},"type":"binary-expr","locations":[{"start":{"line":86,"column":15},"end":{"line":86,"column":35}},{"start":{"line":86,"column":39},"end":{"line":86,"column":null}}]},"7":{"loc":{"start":{"line":101,"column":6},"end":{"line":101,"column":null}},"type":"if","locations":[{"start":{"line":101,"column":6},"end":{"line":101,"column":null}},{"start":{},"end":{}}]},"8":{"loc":{"start":{"line":104,"column":6},"end":{"line":106,"column":null}},"type":"if","locations":[{"start":{"line":104,"column":6},"end":{"line":106,"column":null}},{"start":{},"end":{}}]},"9":{"loc":{"start":{"line":105,"column":24},"end":{"line":105,"column":null}},"type":"binary-expr","locations":[{"start":{"line":105,"column":24},"end":{"line":105,"column":34}},{"start":{"line":105,"column":38},"end":{"line":105,"column":null}}]},"10":{"loc":{"start":{"line":108,"column":49},"end":{"line":108,"column":76}},"type":"binary-expr","locations":[{"start":{"line":108,"column":49},"end":{"line":108,"column":74}},{"start":{"line":108,"column":74},"end":{"line":108,"column":76}}]},"11":{"loc":{"start":{"line":108,"column":89},"end":{"line":108,"column":115}},"type":"binary-expr","locations":[{"start":{"line":108,"column":89},"end":{"line":108,"column":113}},{"start":{"line":108,"column":113},"end":{"line":108,"column":115}}]},"12":{"loc":{"start":{"line":108,"column":127},"end":{"line":108,"column":157}},"type":"binary-expr","locations":[{"start":{"line":108,"column":127},"end":{"line":108,"column":155}},{"start":{"line":108,"column":155},"end":{"line":108,"column":157}}]},"13":{"loc":{"start":{"line":108,"column":173},"end":{"line":108,"column":203}},"type":"binary-expr","locations":[{"start":{"line":108,"column":173},"end":{"line":108,"column":201}},{"start":{"line":108,"column":201},"end":{"line":108,"column":203}}]},"14":{"loc":{"start":{"line":110,"column":20},"end":{"line":110,"column":null}},"type":"binary-expr","locations":[{"start":{"line":110,"column":20},"end":{"line":110,"column":40}},{"start":{"line":110,"column":44},"end":{"line":110,"column":null}}]},"15":{"loc":{"start":{"line":121,"column":6},"end":{"line":121,"column":null}},"type":"if","locations":[{"start":{"line":121,"column":6},"end":{"line":121,"column":null}},{"start":{},"end":{}}]},"16":{"loc":{"start":{"line":125,"column":15},"end":{"line":125,"column":null}},"type":"binary-expr","locations":[{"start":{"line":125,"column":15},"end":{"line":125,"column":35}},{"start":{"line":125,"column":39},"end":{"line":125,"column":null}}]},"17":{"loc":{"start":{"line":142,"column":6},"end":{"line":142,"column":null}},"type":"if","locations":[{"start":{"line":142,"column":6},"end":{"line":142,"column":null}},{"start":{},"end":{}}]},"18":{"loc":{"start":{"line":145,"column":15},"end":{"line":145,"column":null}},"type":"binary-expr","locations":[{"start":{"line":145,"column":15},"end":{"line":145,"column":35}},{"start":{"line":145,"column":39},"end":{"line":145,"column":null}}]},"19":{"loc":{"start":{"line":152,"column":2},"end":{"line":159,"column":null}},"type":"if","locations":[{"start":{"line":152,"column":2},"end":{"line":159,"column":null}},{"start":{},"end":{}}]},"20":{"loc":{"start":{"line":152,"column":6},"end":{"line":152,"column":31}},"type":"binary-expr","locations":[{"start":{"line":152,"column":6},"end":{"line":152,"column":19}},{"start":{"line":152,"column":19},"end":{"line":152,"column":31}}]},"21":{"loc":{"start":{"line":161,"column":2},"end":{"line":174,"column":null}},"type":"if","locations":[{"start":{"line":161,"column":2},"end":{"line":174,"column":null}},{"start":{},"end":{}}]},"22":{"loc":{"start":{"line":176,"column":2},"end":{"line":189,"column":null}},"type":"if","locations":[{"start":{"line":176,"column":2},"end":{"line":189,"column":null}},{"start":{},"end":{}}]},"23":{"loc":{"start":{"line":191,"column":2},"end":{"line":204,"column":null}},"type":"if","locations":[{"start":{"line":191,"column":2},"end":{"line":204,"column":null}},{"start":{},"end":{}}]},"24":{"loc":{"start":{"line":217,"column":17},"end":{"line":217,"column":51}},"type":"binary-expr","locations":[{"start":{"line":217,"column":17},"end":{"line":217,"column":26}},{"start":{"line":217,"column":30},"end":{"line":217,"column":40}},{"start":{"line":217,"column":44},"end":{"line":217,"column":51}}]},"25":{"loc":{"start":{"line":221,"column":15},"end":{"line":221,"column":null}},"type":"cond-expr","locations":[{"start":{"line":221,"column":25},"end":{"line":221,"column":38}},{"start":{"line":221,"column":38},"end":{"line":221,"column":null}}]},"26":{"loc":{"start":{"line":228,"column":15},"end":{"line":228,"column":null}},"type":"cond-expr","locations":[{"start":{"line":228,"column":27},"end":{"line":228,"column":42}},{"start":{"line":228,"column":42},"end":{"line":228,"column":null}}]},"27":{"loc":{"start":{"line":231,"column":15},"end":{"line":231,"column":null}},"type":"cond-expr","locations":[{"start":{"line":231,"column":33},"end":{"line":231,"column":46}},{"start":{"line":231,"column":46},"end":{"line":231,"column":null}}]},"28":{"loc":{"start":{"line":235,"column":7},"end":{"line":235,"column":16}},"type":"binary-expr","locations":[{"start":{"line":235,"column":7},"end":{"line":235,"column":16}}]},"29":{"loc":{"start":{"line":236,"column":7},"end":{"line":236,"column":21}},"type":"binary-expr","locations":[{"start":{"line":236,"column":7},"end":{"line":236,"column":21}}]},"30":{"loc":{"start":{"line":237,"column":7},"end":{"line":237,"column":23}},"type":"binary-expr","locations":[{"start":{"line":237,"column":7},"end":{"line":237,"column":23}}]},"31":{"loc":{"start":{"line":257,"column":20},"end":{"line":257,"column":null}},"type":"binary-expr","locations":[{"start":{"line":257,"column":20},"end":{"line":257,"column":38}},{"start":{"line":257,"column":38},"end":{"line":257,"column":null}}]},"32":{"loc":{"start":{"line":260,"column":11},"end":{"line":260,"column":null}},"type":"cond-expr","locations":[{"start":{"line":260,"column":28},"end":{"line":260,"column":42}},{"start":{"line":260,"column":42},"end":{"line":260,"column":null}}]},"33":{"loc":{"start":{"line":262,"column":9},"end":{"line":262,"column":32}},"type":"binary-expr","locations":[{"start":{"line":262,"column":9},"end":{"line":262,"column":32}}]},"34":{"loc":{"start":{"line":264,"column":7},"end":{"line":264,"column":null}},"type":"binary-expr","locations":[{"start":{"line":264,"column":7},"end":{"line":264,"column":null}}]},"35":{"loc":{"start":{"line":272,"column":7},"end":{"line":272,"column":null}},"type":"binary-expr","locations":[{"start":{"line":272,"column":7},"end":{"line":272,"column":null}}]}},"s":{"0":0,"1":0,"2":0,"3":0,"4":0,"5":0,"6":0,"7":0,"8":0,"9":0,"10":0,"11":0,"12":0,"13":0,"14":0,"15":0,"16":0,"17":0,"18":0,"19":0,"20":0,"21":0,"22":0,"23":0,"24":0,"25":0,"26":0,"27":0,"28":0,"29":0,"30":0,"31":0,"32":0,"33":0,"34":0,"35":0,"36":0,"37":0,"38":0,"39":0,"40":0,"41":0,"42":0,"43":0,"44":0,"45":0,"46":0,"47":0,"48":0,"49":0,"50":0,"51":0,"52":0,"53":0,"54":0,"55":0,"56":0,"57":0,"58":0,"59":0,"60":0,"61":0,"62":0,"63":0,"64":0,"65":0,"66":0,"67":0,"68":0,"69":0,"70":0,"71":0,"72":0,"73":0,"74":0,"75":0,"76":0,"77":0,"78":0,"79":0,"80":0,"81":0,"82":0,"83":0},"f":{"0":0,"1":0,"2":0,"3":0,"4":0,"5":0,"6":0,"7":0,"8":0,"9":0,"10":0,"11":0,"12":0,"13":0,"14":0,"15":0,"16":0},"b":{"0":[0,0],"1":[0],"2":[0,0],"3":[0,0],"4":[0,0],"5":[0,0],"6":[0,0],"7":[0,0],"8":[0,0],"9":[0,0],"10":[0,0],"11":[0,0],"12":[0,0],"13":[0,0],"14":[0,0],"15":[0,0],"16":[0,0],"17":[0,0],"18":[0,0],"19":[0,0],"20":[0,0],"21":[0,0],"22":[0,0],"23":[0,0],"24":[0,0,0],"25":[0,0],"26":[0,0],"27":[0,0],"28":[0],"29":[0],"30":[0],"31":[0,0],"32":[0,0],"33":[0],"34":[0],"35":[0]}}
,"/Users/susansomerset/checkpoint/src/app/settings/page.tsx": {"path":"/Users/susansomerset/checkpoint/src/app/settings/page.tsx","statementMap":{"0":{"start":{"line":1,"column":24},"end":{"line":1,"column":null}}},"fnMap":{"0":{"name":"SettingsPage","decl":{"start":{"line":1,"column":24},"end":{"line":1,"column":null}},"loc":{"start":{"line":1,"column":24},"end":{"line":3,"column":null}}}},"branchMap":{},"s":{"0":0},"f":{"0":0},"b":{}}
,"/Users/susansomerset/checkpoint/src/components/TestJsonViewer.tsx": {"path":"/Users/susansomerset/checkpoint/src/components/TestJsonViewer.tsx","statementMap":{"0":{"start":{"line":64,"column":24},"end":{"line":64,"column":39}},"1":{"start":{"line":3,"column":18},"end":{"line":3,"column":null}},"2":{"start":{"line":11,"column":26},"end":{"line":11,"column":null}},"3":{"start":{"line":15,"column":23},"end":{"line":15,"column":null}},"4":{"start":{"line":34,"column":2},"end":{"line":43,"column":null}},"5":{"start":{"line":45,"column":2},"end":{"line":53,"column":null}},"6":{"start":{"line":49,"column":10},"end":{"line":49,"column":28}},"7":{"start":{"line":58,"column":8},"end":{"line":58,"column":26}}},"fnMap":{"0":{"name":"Toggle","decl":{"start":{"line":10,"column":9},"end":{"line":10,"column":16}},"loc":{"start":{"line":10,"column":81},"end":{"line":31,"column":null}}},"1":{"name":"(anonymous_3)","decl":{"start":{"line":15,"column":17},"end":{"line":15,"column":23}},"loc":{"start":{"line":15,"column":23},"end":{"line":15,"column":null}}},"2":{"name":"JsonNode","decl":{"start":{"line":33,"column":9},"end":{"line":33,"column":18}},"loc":{"start":{"line":33,"column":67},"end":{"line":62,"column":null}}},"3":{"name":"(anonymous_5)","decl":{"start":{"line":48,"column":18},"end":{"line":48,"column":19}},"loc":{"start":{"line":49,"column":10},"end":{"line":49,"column":28}}},"4":{"name":"(anonymous_6)","decl":{"start":{"line":57,"column":32},"end":{"line":57,"column":33}},"loc":{"start":{"line":58,"column":8},"end":{"line":58,"column":26}}},"5":{"name":"TestJsonViewer","decl":{"start":{"line":64,"column":24},"end":{"line":64,"column":39}},"loc":{"start":{"line":64,"column":75},"end":{"line":90,"column":null}}}},"branchMap":{"0":{"loc":{"start":{"line":26,"column":9},"end":{"line":26,"column":26}},"type":"cond-expr","locations":[{"start":{"line":26,"column":16},"end":{"line":26,"column":22}},{"start":{"line":26,"column":22},"end":{"line":26,"column":26}}]},"1":{"loc":{"start":{"line":28,"column":7},"end":{"line":28,"column":15}},"type":"binary-expr","locations":[{"start":{"line":28,"column":7},"end":{"line":28,"column":15}}]},"2":{"loc":{"start":{"line":34,"column":2},"end":{"line":43,"column":null}},"type":"if","locations":[{"start":{"line":34,"column":2},"end":{"line":43,"column":null}},{"start":{},"end":{}}]},"3":{"loc":{"start":{"line":34,"column":6},"end":{"line":34,"column":49}},"type":"binary-expr","locations":[{"start":{"line":34,"column":6},"end":{"line":34,"column":23}},{"start":{"line":34,"column":23},"end":{"line":34,"column":49}}]},"4":{"loc":{"start":{"line":38,"column":30},"end":{"line":38,"column":104}},"type":"cond-expr","locations":[{"start":{"line":38,"column":46},"end":{"line":38,"column":55}},{"start":{"line":38,"column":55},"end":{"line":38,"column":104}}]},"5":{"loc":{"start":{"line":38,"column":55},"end":{"line":38,"column":104}},"type":"cond-expr","locations":[{"start":{"line":38,"column":82},"end":{"line":38,"column":94}},{"start":{"line":38,"column":94},"end":{"line":38,"column":104}}]},"6":{"loc":{"start":{"line":39,"column":11},"end":{"line":39,"column":null}},"type":"cond-expr","locations":[{"start":{"line":39,"column":27},"end":{"line":39,"column":36}},{"start":{"line":39,"column":36},"end":{"line":39,"column":null}}]},"7":{"loc":{"start":{"line":39,"column":36},"end":{"line":39,"column":null}},"type":"cond-expr","locations":[{"start":{"line":39,"column":63},"end":{"line":39,"column":74}},{"start":{"line":39,"column":77},"end":{"line":39,"column":null}}]},"8":{"loc":{"start":{"line":45,"column":2},"end":{"line":53,"column":null}},"type":"if","locations":[{"start":{"line":45,"column":2},"end":{"line":53,"column":null}},{"start":{},"end":{}}]},"9":{"loc":{"start":{"line":73,"column":7},"end":{"line":73,"column":null}},"type":"binary-expr","locations":[{"start":{"line":73,"column":7},"end":{"line":73,"column":null}}]}},"s":{"0":0,"1":0,"2":0,"3":0,"4":0,"5":0,"6":0,"7":0},"f":{"0":0,"1":0,"2":0,"3":0,"4":0,"5":0},"b":{"0":[0,0],"1":[0],"2":[0,0],"3":[0,0],"4":[0,0],"5":[0,0],"6":[0,0],"7":[0,0],"8":[0,0],"9":[0]}}
,"/Users/susansomerset/checkpoint/src/lib/auth/auth0.ts": {"path":"/Users/susansomerset/checkpoint/src/lib/auth/auth0.ts","statementMap":{"0":{"start":{"line":4,"column":22},"end":{"line":4,"column":37}},"1":{"start":{"line":1,"column":27},"end":{"line":1,"column":null}},"2":{"start":{"line":2,"column":42},"end":{"line":2,"column":null}},"3":{"start":{"line":5,"column":14},"end":{"line":5,"column":null}},"4":{"start":{"line":6,"column":18},"end":{"line":6,"column":null}},"5":{"start":{"line":7,"column":2},"end":{"line":10,"column":null}},"6":{"start":{"line":9,"column":4},"end":{"line":9,"column":null}},"7":{"start":{"line":11,"column":2},"end":{"line":11,"column":null}}},"fnMap":{"0":{"name":"requireSession","decl":{"start":{"line":4,"column":22},"end":{"line":4,"column":37}},"loc":{"start":{"line":4,"column":53},"end":{"line":12,"column":null}}}},"branchMap":{"0":{"loc":{"start":{"line":7,"column":2},"end":{"line":10,"column":null}},"type":"if","locations":[{"start":{"line":7,"column":2},"end":{"line":10,"column":null}},{"start":{},"end":{}}]}},"s":{"0":0,"1":0,"2":0,"3":0,"4":0,"5":0,"6":0,"7":0},"f":{"0":0},"b":{"0":[0,0]}}
,"/Users/susansomerset/checkpoint/src/lib/canvas/assignments.ts": {"path":"/Users/susansomerset/checkpoint/src/lib/canvas/assignments.ts","statementMap":{"0":{"start":{"line":17,"column":22},"end":{"line":17,"column":37}},"1":{"start":{"line":2,"column":35},"end":{"line":2,"column":null}},"2":{"start":{"line":18,"column":17},"end":{"line":18,"column":null}},"3":{"start":{"line":20,"column":2},"end":{"line":20,"column":null}}},"fnMap":{"0":{"name":"getAssignments","decl":{"start":{"line":17,"column":22},"end":{"line":17,"column":37}},"loc":{"start":{"line":17,"column":53},"end":{"line":21,"column":null}}}},"branchMap":{},"s":{"0":0,"1":0,"2":0,"3":0},"f":{"0":0},"b":{}}
,"/Users/susansomerset/checkpoint/src/lib/canvas/client.ts": {"path":"/Users/susansomerset/checkpoint/src/lib/canvas/client.ts","statementMap":{"0":{"start":{"line":30,"column":13},"end":{"line":30,"column":null}},"1":{"start":{"line":276,"column":16},"end":{"line":276,"column":null}},"2":{"start":{"line":33,"column":10},"end":{"line":33,"column":null}},"3":{"start":{"line":34,"column":10},"end":{"line":34,"column":null}},"4":{"start":{"line":37,"column":4},"end":{"line":37,"column":null}},"5":{"start":{"line":38,"column":4},"end":{"line":43,"column":null}},"6":{"start":{"line":56,"column":4},"end":{"line":56,"column":null}},"7":{"start":{"line":58,"column":20},"end":{"line":58,"column":110}},"8":{"start":{"line":59,"column":21},"end":{"line":59,"column":61}},"9":{"start":{"line":60,"column":16},"end":{"line":60,"column":null}},"10":{"start":{"line":62,"column":4},"end":{"line":70,"column":null}},"11":{"start":{"line":63,"column":6},"end":{"line":69,"column":null}},"12":{"start":{"line":64,"column":8},"end":{"line":68,"column":null}},"13":{"start":{"line":65,"column":10},"end":{"line":65,"column":null}},"14":{"start":{"line":65,"column":29},"end":{"line":65,"column":null}},"15":{"start":{"line":67,"column":10},"end":{"line":67,"column":null}},"16":{"start":{"line":72,"column":4},"end":{"line":72,"column":null}},"17":{"start":{"line":79,"column":21},"end":{"line":79,"column":null}},"18":{"start":{"line":80,"column":4},"end":{"line":80,"column":null}},"19":{"start":{"line":87,"column":4},"end":{"line":116,"column":null}},"20":{"start":{"line":88,"column":6},"end":{"line":88,"column":null}},"21":{"start":{"line":90,"column":23},"end":{"line":96,"column":null}},"22":{"start":{"line":98,"column":6},"end":{"line":101,"column":null}},"23":{"start":{"line":99,"column":21},"end":{"line":99,"column":null}},"24":{"start":{"line":100,"column":8},"end":{"line":100,"column":null}},"25":{"start":{"line":104,"column":6},"end":{"line":109,"column":null}},"26":{"start":{"line":105,"column":22},"end":{"line":105,"column":null}},"27":{"start":{"line":106,"column":8},"end":{"line":106,"column":null}},"28":{"start":{"line":107,"column":8},"end":{"line":107,"column":null}},"29":{"start":{"line":108,"column":8},"end":{"line":108,"column":null}},"30":{"start":{"line":112,"column":6},"end":{"line":112,"column":null}},"31":{"start":{"line":115,"column":6},"end":{"line":115,"column":null}},"32":{"start":{"line":123,"column":4},"end":{"line":125,"column":null}},"33":{"start":{"line":124,"column":6},"end":{"line":124,"column":null}},"34":{"start":{"line":128,"column":4},"end":{"line":128,"column":null}},"35":{"start":{"line":135,"column":29},"end":{"line":135,"column":null}},"36":{"start":{"line":136,"column":24},"end":{"line":136,"column":null}},"37":{"start":{"line":139,"column":19},"end":{"line":139,"column":null}},"38":{"start":{"line":140,"column":4},"end":{"line":140,"column":null}},"39":{"start":{"line":147,"column":4},"end":{"line":149,"column":null}},"40":{"start":{"line":148,"column":6},"end":{"line":148,"column":28}},"41":{"start":{"line":156,"column":4},"end":{"line":156,"column":null}},"42":{"start":{"line":156,"column":34},"end":{"line":156,"column":null}},"43":{"start":{"line":171,"column":23},"end":{"line":171,"column":25}},"44":{"start":{"line":172,"column":33},"end":{"line":172,"column":null}},"45":{"start":{"line":175,"column":20},"end":{"line":175,"column":110}},"46":{"start":{"line":176,"column":21},"end":{"line":176,"column":61}},"47":{"start":{"line":177,"column":23},"end":{"line":177,"column":null}},"48":{"start":{"line":179,"column":4},"end":{"line":187,"column":null}},"49":{"start":{"line":180,"column":6},"end":{"line":186,"column":null}},"50":{"start":{"line":181,"column":8},"end":{"line":185,"column":null}},"51":{"start":{"line":182,"column":10},"end":{"line":182,"column":null}},"52":{"start":{"line":182,"column":29},"end":{"line":182,"column":null}},"53":{"start":{"line":184,"column":10},"end":{"line":184,"column":null}},"54":{"start":{"line":189,"column":4},"end":{"line":189,"column":null}},"55":{"start":{"line":191,"column":4},"end":{"line":202,"column":null}},"56":{"start":{"line":193,"column":6},"end":{"line":193,"column":null}},"57":{"start":{"line":196,"column":23},"end":{"line":196,"column":null}},"58":{"start":{"line":197,"column":6},"end":{"line":197,"column":null}},"59":{"start":{"line":200,"column":25},"end":{"line":200,"column":null}},"60":{"start":{"line":201,"column":6},"end":{"line":201,"column":null}},"61":{"start":{"line":204,"column":4},"end":{"line":204,"column":null}},"62":{"start":{"line":217,"column":23},"end":{"line":217,"column":25}},"63":{"start":{"line":218,"column":33},"end":{"line":218,"column":null}},"64":{"start":{"line":220,"column":4},"end":{"line":231,"column":null}},"65":{"start":{"line":222,"column":6},"end":{"line":222,"column":null}},"66":{"start":{"line":225,"column":23},"end":{"line":225,"column":null}},"67":{"start":{"line":226,"column":6},"end":{"line":226,"column":null}},"68":{"start":{"line":229,"column":25},"end":{"line":229,"column":null}},"69":{"start":{"line":230,"column":6},"end":{"line":230,"column":null}},"70":{"start":{"line":233,"column":4},"end":{"line":233,"column":null}},"71":{"start":{"line":246,"column":4},"end":{"line":248,"column":null}},"72":{"start":{"line":247,"column":6},"end":{"line":247,"column":null}},"73":{"start":{"line":250,"column":18},"end":{"line":250,"column":null}},"74":{"start":{"line":250,"column":52},"end":{"line":250,"column":null}},"75":{"start":{"line":251,"column":4},"end":{"line":258,"column":null}},"76":{"start":{"line":252,"column":20},"end":{"line":252,"column":null}},"77":{"start":{"line":253,"column":18},"end":{"line":253,"column":null}},"78":{"start":{"line":254,"column":18},"end":{"line":254,"column":null}},"79":{"start":{"line":255,"column":6},"end":{"line":257,"column":null}},"80":{"start":{"line":256,"column":8},"end":{"line":256,"column":null}},"81":{"start":{"line":259,"column":4},"end":{"line":259,"column":null}},"82":{"start":{"line":277,"column":24},"end":{"line":277,"column":51}},"83":{"start":{"line":278,"column":28},"end":{"line":278,"column":87}},"84":{"start":{"line":280,"column":2},"end":{"line":282,"column":null}},"85":{"start":{"line":281,"column":4},"end":{"line":281,"column":null}},"86":{"start":{"line":284,"column":2},"end":{"line":287,"column":null}}},"fnMap":{"0":{"name":"(anonymous_3)","decl":{"start":{"line":36,"column":2},"end":{"line":36,"column":14}},"loc":{"start":{"line":36,"column":36},"end":{"line":44,"column":null}}},"1":{"name":"(anonymous_4)","decl":{"start":{"line":54,"column":2},"end":{"line":54,"column":8}},"loc":{"start":{"line":54,"column":95},"end":{"line":73,"column":null}}},"2":{"name":"(anonymous_5)","decl":{"start":{"line":63,"column":36},"end":{"line":63,"column":37}},"loc":{"start":{"line":63,"column":49},"end":{"line":69,"column":null}}},"3":{"name":"(anonymous_6)","decl":{"start":{"line":65,"column":24},"end":{"line":65,"column":29}},"loc":{"start":{"line":65,"column":29},"end":{"line":65,"column":null}}},"4":{"name":"(anonymous_7)","decl":{"start":{"line":78,"column":2},"end":{"line":78,"column":16}},"loc":{"start":{"line":78,"column":83},"end":{"line":81,"column":null}}},"5":{"name":"(anonymous_8)","decl":{"start":{"line":86,"column":2},"end":{"line":86,"column":16}},"loc":{"start":{"line":86,"column":121},"end":{"line":117,"column":null}}},"6":{"name":"(anonymous_9)","decl":{"start":{"line":122,"column":2},"end":{"line":122,"column":21}},"loc":{"start":{"line":122,"column":64},"end":{"line":129,"column":null}}},"7":{"name":"(anonymous_10)","decl":{"start":{"line":134,"column":2},"end":{"line":134,"column":24}},"loc":{"start":{"line":134,"column":50},"end":{"line":141,"column":null}}},"8":{"name":"(anonymous_11)","decl":{"start":{"line":146,"column":2},"end":{"line":146,"column":16}},"loc":{"start":{"line":146,"column":54},"end":{"line":150,"column":null}}},"9":{"name":"(anonymous_12)","decl":{"start":{"line":155,"column":2},"end":{"line":155,"column":15}},"loc":{"start":{"line":155,"column":43},"end":{"line":157,"column":null}}},"10":{"name":"(anonymous_13)","decl":{"start":{"line":156,"column":23},"end":{"line":156,"column":34}},"loc":{"start":{"line":156,"column":34},"end":{"line":156,"column":null}}},"11":{"name":"(anonymous_14)","decl":{"start":{"line":170,"column":2},"end":{"line":170,"column":8}},"loc":{"start":{"line":170,"column":91},"end":{"line":205,"column":null}}},"12":{"name":"(anonymous_15)","decl":{"start":{"line":180,"column":36},"end":{"line":180,"column":37}},"loc":{"start":{"line":180,"column":49},"end":{"line":186,"column":null}}},"13":{"name":"(anonymous_16)","decl":{"start":{"line":182,"column":24},"end":{"line":182,"column":29}},"loc":{"start":{"line":182,"column":29},"end":{"line":182,"column":null}}},"14":{"name":"(anonymous_17)","decl":{"start":{"line":216,"column":2},"end":{"line":216,"column":8}},"loc":{"start":{"line":216,"column":56},"end":{"line":234,"column":null}}},"15":{"name":"(anonymous_18)","decl":{"start":{"line":245,"column":2},"end":{"line":245,"column":25}},"loc":{"start":{"line":245,"column":68},"end":{"line":260,"column":null}}},"16":{"name":"(anonymous_19)","decl":{"start":{"line":250,"column":44},"end":{"line":250,"column":52}},"loc":{"start":{"line":250,"column":52},"end":{"line":250,"column":null}}},"17":{"name":"createCanvasClient","decl":{"start":{"line":276,"column":16},"end":{"line":276,"column":null}},"loc":{"start":{"line":276,"column":16},"end":{"line":288,"column":null}}}},"branchMap":{"0":{"loc":{"start":{"line":58,"column":20},"end":{"line":58,"column":110}},"type":"cond-expr","locations":[{"start":{"line":58,"column":56},"end":{"line":58,"column":91}},{"start":{"line":58,"column":91},"end":{"line":58,"column":110}}]},"1":{"loc":{"start":{"line":59,"column":21},"end":{"line":59,"column":61}},"type":"cond-expr","locations":[{"start":{"line":59,"column":44},"end":{"line":59,"column":51}},{"start":{"line":59,"column":51},"end":{"line":59,"column":61}}]},"2":{"loc":{"start":{"line":62,"column":4},"end":{"line":70,"column":null}},"type":"if","locations":[{"start":{"line":62,"column":4},"end":{"line":70,"column":null}},{"start":{},"end":{}}]},"3":{"loc":{"start":{"line":64,"column":8},"end":{"line":68,"column":null}},"type":"if","locations":[{"start":{"line":64,"column":8},"end":{"line":68,"column":null}},{"start":{"line":66,"column":15},"end":{"line":68,"column":null}}]},"4":{"loc":{"start":{"line":78,"column":44},"end":{"line":78,"column":63}},"type":"default-arg","locations":[{"start":{"line":78,"column":62},"end":{"line":78,"column":63}}]},"5":{"loc":{"start":{"line":86,"column":54},"end":{"line":86,"column":73}},"type":"default-arg","locations":[{"start":{"line":86,"column":72},"end":{"line":86,"column":73}}]},"6":{"loc":{"start":{"line":98,"column":6},"end":{"line":101,"column":null}},"type":"if","locations":[{"start":{"line":98,"column":6},"end":{"line":101,"column":null}},{"start":{},"end":{}}]},"7":{"loc":{"start":{"line":104,"column":6},"end":{"line":109,"column":null}},"type":"if","locations":[{"start":{"line":104,"column":6},"end":{"line":109,"column":null}},{"start":{},"end":{}}]},"8":{"loc":{"start":{"line":123,"column":4},"end":{"line":125,"column":null}},"type":"if","locations":[{"start":{"line":123,"column":4},"end":{"line":125,"column":null}},{"start":{},"end":{}}]},"9":{"loc":{"start":{"line":128,"column":11},"end":{"line":128,"column":null}},"type":"binary-expr","locations":[{"start":{"line":128,"column":11},"end":{"line":128,"column":30}},{"start":{"line":128,"column":30},"end":{"line":128,"column":47}},{"start":{"line":128,"column":47},"end":{"line":128,"column":null}}]},"10":{"loc":{"start":{"line":175,"column":20},"end":{"line":175,"column":110}},"type":"cond-expr","locations":[{"start":{"line":175,"column":56},"end":{"line":175,"column":91}},{"start":{"line":175,"column":91},"end":{"line":175,"column":110}}]},"11":{"loc":{"start":{"line":176,"column":21},"end":{"line":176,"column":61}},"type":"cond-expr","locations":[{"start":{"line":176,"column":44},"end":{"line":176,"column":51}},{"start":{"line":176,"column":51},"end":{"line":176,"column":61}}]},"12":{"loc":{"start":{"line":179,"column":4},"end":{"line":187,"column":null}},"type":"if","locations":[{"start":{"line":179,"column":4},"end":{"line":187,"column":null}},{"start":{},"end":{}}]},"13":{"loc":{"start":{"line":181,"column":8},"end":{"line":185,"column":null}},"type":"if","locations":[{"start":{"line":181,"column":8},"end":{"line":185,"column":null}},{"start":{"line":183,"column":15},"end":{"line":185,"column":null}}]},"14":{"loc":{"start":{"line":246,"column":4},"end":{"line":248,"column":null}},"type":"if","locations":[{"start":{"line":246,"column":4},"end":{"line":248,"column":null}},{"start":{},"end":{}}]},"15":{"loc":{"start":{"line":255,"column":6},"end":{"line":257,"column":null}},"type":"if","locations":[{"start":{"line":255,"column":6},"end":{"line":257,"column":null}},{"start":{},"end":{}}]},"16":{"loc":{"start":{"line":278,"column":28},"end":{"line":278,"column":87}},"type":"binary-expr","locations":[{"start":{"line":278,"column":28},"end":{"line":278,"column":59}},{"start":{"line":278,"column":63},"end":{"line":278,"column":87}}]},"17":{"loc":{"start":{"line":280,"column":2},"end":{"line":282,"column":null}},"type":"if","locations":[{"start":{"line":280,"column":2},"end":{"line":282,"column":null}},{"start":{},"end":{}}]},"18":{"loc":{"start":{"line":280,"column":6},"end":{"line":280,"column":44}},"type":"binary-expr","locations":[{"start":{"line":280,"column":6},"end":{"line":280,"column":24}},{"start":{"line":280,"column":24},"end":{"line":280,"column":44}}]}},"s":{"0":0,"1":0,"2":0,"3":0,"4":0,"5":0,"6":0,"7":0,"8":0,"9":0,"10":0,"11":0,"12":0,"13":0,"14":0,"15":0,"16":0,"17":0,"18":0,"19":0,"20":0,"21":0,"22":0,"23":0,"24":0,"25":0,"26":0,"27":0,"28":0,"29":0,"30":0,"31":0,"32":0,"33":0,"34":0,"35":0,"36":0,"37":0,"38":0,"39":0,"40":0,"41":0,"42":0,"43":0,"44":0,"45":0,"46":0,"47":0,"48":0,"49":0,"50":0,"51":0,"52":0,"53":0,"54":0,"55":0,"56":0,"57":0,"58":0,"59":0,"60":0,"61":0,"62":0,"63":0,"64":0,"65":0,"66":0,"67":0,"68":0,"69":0,"70":0,"71":0,"72":0,"73":0,"74":0,"75":0,"76":0,"77":0,"78":0,"79":0,"80":0,"81":0,"82":0,"83":0,"84":0,"85":0,"86":0},"f":{"0":0,"1":0,"2":0,"3":0,"4":0,"5":0,"6":0,"7":0,"8":0,"9":0,"10":0,"11":0,"12":0,"13":0,"14":0,"15":0,"16":0,"17":0},"b":{"0":[0,0],"1":[0,0],"2":[0,0],"3":[0,0],"4":[0],"5":[0],"6":[0,0],"7":[0,0],"8":[0,0],"9":[0,0,0],"10":[0,0],"11":[0,0],"12":[0,0],"13":[0,0],"14":[0,0],"15":[0,0],"16":[0,0],"17":[0,0],"18":[0,0]}}
,"/Users/susansomerset/checkpoint/src/lib/canvas/courses.ts": {"path":"/Users/susansomerset/checkpoint/src/lib/canvas/courses.ts","statementMap":{"0":{"start":{"line":39,"column":22},"end":{"line":39,"column":null}},"1":{"start":{"line":60,"column":22},"end":{"line":60,"column":43}},"2":{"start":{"line":2,"column":35},"end":{"line":2,"column":null}},"3":{"start":{"line":6,"column":14},"end":{"line":6,"column":null}},"4":{"start":{"line":7,"column":25},"end":{"line":7,"column":null}},"5":{"start":{"line":8,"column":15},"end":{"line":8,"column":null}},"6":{"start":{"line":9,"column":2},"end":{"line":9,"column":null}},"7":{"start":{"line":40,"column":17},"end":{"line":40,"column":null}},"8":{"start":{"line":41,"column":28},"end":{"line":41,"column":null}},"9":{"start":{"line":42,"column":2},"end":{"line":42,"column":null}},"10":{"start":{"line":46,"column":21},"end":{"line":46,"column":null}},"11":{"start":{"line":49,"column":26},"end":{"line":54,"column":null}},"12":{"start":{"line":50,"column":4},"end":{"line":50,"column":null}},"13":{"start":{"line":50,"column":28},"end":{"line":50,"column":null}},"14":{"start":{"line":51,"column":22},"end":{"line":51,"column":null}},"15":{"start":{"line":52,"column":34},"end":{"line":52,"column":null}},"16":{"start":{"line":53,"column":4},"end":{"line":53,"column":null}},"17":{"start":{"line":56,"column":2},"end":{"line":56,"column":null}},"18":{"start":{"line":57,"column":2},"end":{"line":57,"column":null}},"19":{"start":{"line":61,"column":17},"end":{"line":61,"column":null}},"20":{"start":{"line":62,"column":28},"end":{"line":62,"column":null}},"21":{"start":{"line":63,"column":2},"end":{"line":63,"column":null}},"22":{"start":{"line":67,"column":21},"end":{"line":67,"column":null}},"23":{"start":{"line":70,"column":26},"end":{"line":75,"column":null}},"24":{"start":{"line":71,"column":4},"end":{"line":71,"column":null}},"25":{"start":{"line":71,"column":28},"end":{"line":71,"column":null}},"26":{"start":{"line":72,"column":22},"end":{"line":72,"column":null}},"27":{"start":{"line":73,"column":34},"end":{"line":73,"column":null}},"28":{"start":{"line":74,"column":4},"end":{"line":74,"column":null}},"29":{"start":{"line":77,"column":2},"end":{"line":77,"column":null}},"30":{"start":{"line":78,"column":2},"end":{"line":78,"column":null}}},"fnMap":{"0":{"name":"getAcademicYearStart","decl":{"start":{"line":5,"column":9},"end":{"line":5,"column":null}},"loc":{"start":{"line":5,"column":9},"end":{"line":10,"column":null}}},"1":{"name":"getCoursesForSelf","decl":{"start":{"line":39,"column":22},"end":{"line":39,"column":null}},"loc":{"start":{"line":39,"column":22},"end":{"line":58,"column":null}}},"2":{"name":"(anonymous_5)","decl":{"start":{"line":49,"column":44},"end":{"line":49,"column":null}},"loc":{"start":{"line":49,"column":44},"end":{"line":54,"column":null}}},"3":{"name":"getCoursesForStudent","decl":{"start":{"line":60,"column":22},"end":{"line":60,"column":43}},"loc":{"start":{"line":60,"column":60},"end":{"line":79,"column":null}}},"4":{"name":"(anonymous_7)","decl":{"start":{"line":70,"column":44},"end":{"line":70,"column":null}},"loc":{"start":{"line":70,"column":44},"end":{"line":75,"column":null}}}},"branchMap":{"0":{"loc":{"start":{"line":50,"column":4},"end":{"line":50,"column":null}},"type":"if","locations":[{"start":{"line":50,"column":4},"end":{"line":50,"column":null}},{"start":{},"end":{}}]},"1":{"loc":{"start":{"line":71,"column":4},"end":{"line":71,"column":null}},"type":"if","locations":[{"start":{"line":71,"column":4},"end":{"line":71,"column":null}},{"start":{},"end":{}}]}},"s":{"0":0,"1":0,"2":0,"3":0,"4":0,"5":0,"6":0,"7":0,"8":0,"9":0,"10":0,"11":0,"12":0,"13":0,"14":0,"15":0,"16":0,"17":0,"18":0,"19":0,"20":0,"21":0,"22":0,"23":0,"24":0,"25":0,"26":0,"27":0,"28":0,"29":0,"30":0},"f":{"0":0,"1":0,"2":0,"3":0,"4":0},"b":{"0":[0,0],"1":[0,0]}}
,"/Users/susansomerset/checkpoint/src/lib/canvas/observees.ts": {"path":"/Users/susansomerset/checkpoint/src/lib/canvas/observees.ts","statementMap":{"0":{"start":{"line":11,"column":22},"end":{"line":11,"column":null}},"1":{"start":{"line":2,"column":35},"end":{"line":2,"column":null}},"2":{"start":{"line":12,"column":17},"end":{"line":12,"column":null}},"3":{"start":{"line":14,"column":2},"end":{"line":14,"column":null}}},"fnMap":{"0":{"name":"getObservees","decl":{"start":{"line":11,"column":22},"end":{"line":11,"column":null}},"loc":{"start":{"line":11,"column":22},"end":{"line":15,"column":null}}}},"branchMap":{},"s":{"0":0,"1":0,"2":0,"3":0},"f":{"0":0},"b":{}}
,"/Users/susansomerset/checkpoint/src/lib/canvas/submissions.ts": {"path":"/Users/susansomerset/checkpoint/src/lib/canvas/submissions.ts","statementMap":{"0":{"start":{"line":84,"column":22},"end":{"line":84,"column":47}},"1":{"start":{"line":11,"column":35},"end":{"line":11,"column":null}},"2":{"start":{"line":85,"column":17},"end":{"line":85,"column":null}},"3":{"start":{"line":89,"column":24},"end":{"line":89,"column":51}},"4":{"start":{"line":90,"column":2},"end":{"line":92,"column":null}},"5":{"start":{"line":91,"column":4},"end":{"line":91,"column":null}},"6":{"start":{"line":94,"column":25},"end":{"line":94,"column":131}},"7":{"start":{"line":97,"column":2},"end":{"line":97,"column":null}}},"fnMap":{"0":{"name":"getSubmissionsForStudent","decl":{"start":{"line":84,"column":22},"end":{"line":84,"column":47}},"loc":{"start":{"line":84,"column":82},"end":{"line":98,"column":null}}}},"branchMap":{"0":{"loc":{"start":{"line":90,"column":2},"end":{"line":92,"column":null}},"type":"if","locations":[{"start":{"line":90,"column":2},"end":{"line":92,"column":null}},{"start":{},"end":{}}]}},"s":{"0":0,"1":0,"2":0,"3":0,"4":0,"5":0,"6":0,"7":0},"f":{"0":0},"b":{"0":[0,0]}}
[...]
93":{"start":{"line":299,"column":2},"end":{"line":299,"column":null}},"94":{"start":{"line":310,"column":17},"end":{"line":310,"column":null}},"95":{"start":{"line":310,"column":41},"end":{"line":310,"column":null}},"96":{"start":{"line":311,"column":20},"end":{"line":311,"column":null}},"97":{"start":{"line":311,"column":44},"end":{"line":311,"column":null}},"98":{"start":{"line":312,"column":18},"end":{"line":312,"column":null}},"99":{"start":{"line":312,"column":42},"end":{"line":312,"column":null}},"100":{"start":{"line":313,"column":15},"end":{"line":313,"column":null}},"101":{"start":{"line":313,"column":39},"end":{"line":313,"column":null}},"102":{"start":{"line":315,"column":16},"end":{"line":315,"column":34}},"103":{"start":{"line":316,"column":22},"end":{"line":316,"column":null}},"104":{"start":{"line":318,"column":2},"end":{"line":324,"column":null}}},"fnMap":{"0":{"name":"getAssignmentStatus","decl":{"start":{"line":84,"column":9},"end":{"line":84,"column":29}},"loc":{"start":{"line":84,"column":59},"end":{"line":156,"column":null}}},"1":{"name":"calculateAssignmentPoints","decl":{"start":{"line":158,"column":9},"end":{"line":158,"column":35}},"loc":{"start":{"line":158,"column":65},"end":{"line":187,"column":null}}},"2":{"name":"buildStudentData","decl":{"start":{"line":189,"column":16},"end":{"line":189,"column":33}},"loc":{"start":{"line":189,"column":52},"end":{"line":286,"column":null}}},"3":{"name":"(anonymous_6)","decl":{"start":{"line":252,"column":61},"end":{"line":252,"column":66}},"loc":{"start":{"line":252,"column":66},"end":{"line":252,"column":99}}},"4":{"name":"mapSubmissionStatus","decl":{"start":{"line":288,"column":9},"end":{"line":288,"column":29}},"loc":{"start":{"line":288,"column":51},"end":{"line":300,"column":null}}},"5":{"name":"deriveCourseAggregates","decl":{"start":{"line":303,"column":16},"end":{"line":303,"column":39}},"loc":{"start":{"line":303,"column":80},"end":{"line":325,"column":null}}},"6":{"name":"(anonymous_9)","decl":{"start":{"line":310,"column":36},"end":{"line":310,"column":41}},"loc":{"start":{"line":310,"column":41},"end":{"line":310,"column":null}}},"7":{"name":"(anonymous_10)","decl":{"start":{"line":311,"column":39},"end":{"line":311,"column":44}},"loc":{"start":{"line":311,"column":44},"end":{"line":311,"column":null}}},"8":{"name":"(anonymous_11)","decl":{"start":{"line":312,"column":37},"end":{"line":312,"column":42}},"loc":{"start":{"line":312,"column":42},"end":{"line":312,"column":null}}},"9":{"name":"(anonymous_12)","decl":{"start":{"line":313,"column":34},"end":{"line":313,"column":39}},"loc":{"start":{"line":313,"column":39},"end":{"line":313,"column":null}}}},"branchMap":{"0":{"loc":{"start":{"line":94,"column":21},"end":{"line":94,"column":null}},"type":"cond-expr","locations":[{"start":{"line":94,"column":37},"end":{"line":94,"column":51}},{"start":{"line":94,"column":54},"end":{"line":94,"column":null}}]},"1":{"loc":{"start":{"line":97,"column":2},"end":{"line":110,"column":null}},"type":"if","locations":[{"start":{"line":97,"column":2},"end":{"line":110,"column":null}},{"start":{},"end":{}}]},"2":{"loc":{"start":{"line":97,"column":6},"end":{"line":97,"column":151}},"type":"binary-expr","locations":[{"start":{"line":97,"column":6},"end":{"line":97,"column":20}},{"start":{"line":97,"column":20},"end":{"line":97,"column":37}},{"start":{"line":97,"column":41},"end":{"line":97,"column":82}},{"start":{"line":97,"column":82},"end":{"line":97,"column":119}},{"start":{"line":97,"column":123},"end":{"line":97,"column":151}}]},"3":{"loc":{"start":{"line":99,"column":4},"end":{"line":109,"column":null}},"type":"if","locations":[{"start":{"line":99,"column":4},"end":{"line":109,"column":null}},{"start":{},"end":{}}]},"4":{"loc":{"start":{"line":99,"column":8},"end":{"line":99,"column":89}},"type":"binary-expr","locations":[{"start":{"line":99,"column":8},"end":{"line":99,"column":56}},{"start":{"line":99,"column":56},"end":{"line":99,"column":89}}]},"5":{"loc":{"start":{"line":100,"column":20},"end":{"line":100,"column":null}},"type":"binary-expr","locations":[{"start":{"line":100,"column":20},"end":{"line":100,"column":42}},{"start":{"line":100,"column":46},"end":{"line":100,"column":null}}]},"6":{"loc":{"start":{"line":101,"column":27},"end":{"line":101,"column":null}},"type":"binary-expr","locations":[{"start":{"line":101,"column":27},"end":{"line":101,"column":56}},{"start":{"line":101,"column":60},"end":{"line":101,"column":null}}]},"7":{"loc":{"start":{"line":104,"column":6},"end":{"line":108,"column":null}},"type":"if","locations":[{"start":{"line":104,"column":6},"end":{"line":108,"column":null}},{"start":{"line":106,"column":13},"end":{"line":108,"column":null}}]},"8":{"loc":{"start":{"line":106,"column":13},"end":{"line":108,"column":null}},"type":"if","locations":[{"start":{"line":106,"column":13},"end":{"line":108,"column":null}},{"start":{},"end":{}}]},"9":{"loc":{"start":{"line":106,"column":17},"end":{"line":106,"column":62}},"type":"binary-expr","locations":[{"start":{"line":106,"column":17},"end":{"line":106,"column":30}},{"start":{"line":106,"column":30},"end":{"line":106,"column":62}}]},"10":{"loc":{"start":{"line":113,"column":3},"end":{"line":118,"column":null}},"type":"if","locations":[{"start":{"line":113,"column":3},"end":{"line":118,"column":null}},{"start":{},"end":{}}]},"11":{"loc":{"start":{"line":113,"column":7},"end":{"line":113,"column":124}},"type":"binary-expr","locations":[{"start":{"line":113,"column":7},"end":{"line":113,"column":24}},{"start":{"line":113,"column":24},"end":{"line":113,"column":46}},{"start":{"line":113,"column":46},"end":{"line":113,"column":87}},{"start":{"line":113,"column":87},"end":{"line":113,"column":124}}]},"12":{"loc":{"start":{"line":115,"column":5},"end":{"line":117,"column":null}},"type":"if","locations":[{"start":{"line":115,"column":5},"end":{"line":117,"column":null}},{"start":{},"end":{}}]},"13":{"loc":{"start":{"line":121,"column":2},"end":{"line":126,"column":null}},"type":"if","locations":[{"start":{"line":121,"column":2},"end":{"line":126,"column":null}},{"start":{},"end":{}}]},"14":{"loc":{"start":{"line":123,"column":4},"end":{"line":125,"column":null}},"type":"if","locations":[{"start":{"line":123,"column":4},"end":{"line":125,"column":null}},{"start":{},"end":{}}]},"15":{"loc":{"start":{"line":129,"column":2},"end":{"line":134,"column":null}},"type":"if","locations":[{"start":{"line":129,"column":2},"end":{"line":134,"column":null}},{"start":{},"end":{}}]},"16":{"loc":{"start":{"line":131,"column":4},"end":{"line":133,"column":null}},"type":"if","locations":[{"start":{"line":131,"column":4},"end":{"line":133,"column":null}},{"start":{},"end":{}}]},"17":{"loc":{"start":{"line":136,"column":2},"end":{"line":141,"column":null}},"type":"if","locations":[{"start":{"line":136,"column":2},"end":{"line":141,"column":null}},{"start":{},"end":{}}]},"18":{"loc":{"start":{"line":138,"column":4},"end":{"line":140,"column":null}},"type":"if","locations":[{"start":{"line":138,"column":4},"end":{"line":140,"column":null}},{"start":{},"end":{}}]},"19":{"loc":{"start":{"line":144,"column":2},"end":{"line":146,"column":null}},"type":"if","locations":[{"start":{"line":144,"column":2},"end":{"line":146,"column":null}},{"start":{},"end":{}}]},"20":{"loc":{"start":{"line":150,"column":2},"end":{"line":152,"column":null}},"type":"if","locations":[{"start":{"line":150,"column":2},"end":{"line":152,"column":null}},{"start":{},"end":{}}]},"21":{"loc":{"start":{"line":160,"column":25},"end":{"line":160,"column":null}},"type":"binary-expr","locations":[{"start":{"line":160,"column":25},"end":{"line":160,"column":54}},{"start":{"line":160,"column":58},"end":{"line":160,"column":null}}]},"22":{"loc":{"start":{"line":168,"column":2},"end":{"line":185,"column":null}},"type":"if","locations":[{"start":{"line":168,"column":2},"end":{"line":185,"column":null}},{"start":{"line":181,"column":9},"end":{"line":185,"column":null}}]},"23":{"loc":{"start":{"line":171,"column":23},"end":{"line":171,"column":null}},"type":"cond-expr","locations":[{"start":{"line":171,"column":48},"end":{"line":171,"column":62}},{"start":{"line":171,"column":65},"end":{"line":171,"column":null}}]},"24":{"loc":{"start":{"line":173,"column":4},"end":{"line":179,"column":null}},"type":"if","locations":[{"start":{"line":173,"column":4},"end":{"line":179,"column":null}},{"start":{},"end":{}}]},"25":{"loc":{"start":{"line":173,"column":8},"end":{"line":173,"column":112}},"type":"binary-expr","locations":[{"start":{"line":173,"column":8},"end":{"line":173,"column":22}},{"start":{"line":173,"column":22},"end":{"line":173,"column":39}},{"start":{"line":173,"column":43},"end":{"line":173,"column":84}},{"start":{"line":173,"column":84},"end":{"line":173,"column":112}}]},"26":{"loc":{"start":{"line":175,"column":6},"end":{"line":178,"column":null}},"type":"if","locations":[{"start":{"line":175,"column":6},"end":{"line":178,"column":null}},{"start":{},"end":{}}]},"27":{"loc":{"start":{"line":176,"column":53},"end":{"line":176,"column":null}},"type":"binary-expr","locations":[{"start":{"line":176,"column":53},"end":{"line":176,"column":75}},{"start":{"line":176,"column":79},"end":{"line":176,"column":null}}]},"28":{"loc":{"start":{"line":177,"column":81},"end":{"line":177,"column":108}},"type":"binary-expr","locations":[{"start":{"line":177,"column":81},"end":{"line":177,"column":103}},{"start":{"line":177,"column":107},"end":{"line":177,"column":108}}]},"29":{"loc":{"start":{"line":181,"column":9},"end":{"line":185,"column":null}},"type":"if","locations":[{"start":{"line":181,"column":9},"end":{"line":185,"column":null}},{"start":{"line":183,"column":9},"end":{"line":185,"column":null}}]},"30":{"loc":{"start":{"line":183,"column":9},"end":{"line":185,"column":null}},"type":"if","locations":[{"start":{"line":183,"column":9},"end":{"line":185,"column":null}},{"start":{},"end":{}}]},"31":{"loc":{"start":{"line":197,"column":4},"end":{"line":197,"column":null}},"type":"if","locations":[{"start":{"line":197,"column":4},"end":{"line":197,"column":null}},{"start":{},"end":{}}]},"32":{"loc":{"start":{"line":201,"column":24},"end":{"line":201,"column":68}},"type":"binary-expr","locations":[{"start":{"line":201,"column":24},"end":{"line":201,"column":42}},{"start":{"line":201,"column":46},"end":{"line":201,"column":68}}]},"33":{"loc":{"start":{"line":204,"column":4},"end":{"line":213,"column":null}},"type":"if","locations":[{"start":{"line":204,"column":4},"end":{"line":213,"column":null}},{"start":{},"end":{}}]},"34":{"loc":{"start":{"line":209,"column":25},"end":{"line":209,"column":null}},"type":"binary-expr","locations":[{"start":{"line":209,"column":25},"end":{"line":209,"column":107}},{"start":{"line":209,"column":107},"end":{"line":209,"column":null}}]},"35":{"loc":{"start":{"line":221,"column":19},"end":{"line":221,"column":124}},"type":"binary-expr","locations":[{"start":{"line":221,"column":19},"end":{"line":221,"column":91}},{"start":{"line":221,"column":91},"end":{"line":221,"column":109}},{"start":{"line":221,"column":113},"end":{"line":221,"column":124}}]},"36":{"loc":{"start":{"line":222,"column":17},"end":{"line":222,"column":null}},"type":"binary-expr","locations":[{"start":{"line":222,"column":17},"end":{"line":222,"column":85}},{"start":{"line":222,"column":85},"end":{"line":222,"column":null}}]},"37":{"loc":{"start":{"line":223,"column":16},"end":{"line":223,"column":null}},"type":"binary-expr","locations":[{"start":{"line":223,"column":16},"end":{"line":223,"column":82}},{"start":{"line":223,"column":82},"end":{"line":223,"column":null}}]},"38":{"loc":{"start":{"line":230,"column":30},"end":{"line":230,"column":65}},"type":"binary-expr","locations":[{"start":{"line":230,"column":30},"end":{"line":230,"column":59}},{"start":{"line":230,"column":63},"end":{"line":230,"column":65}}]},"39":{"loc":{"start":{"line":246,"column":26},"end":{"line":246,"column":null}},"type":"cond-expr","locations":[{"start":{"line":246,"column":65},"end":{"line":246,"column":77}},{"start":{"line":246,"column":77},"end":{"line":246,"column":null}}]},"40":{"loc":{"start":{"line":251,"column":32},"end":{"line":251,"column":90}},"type":"binary-expr","locations":[{"start":{"line":251,"column":32},"end":{"line":251,"column":84}},{"start":{"line":251,"column":88},"end":{"line":251,"column":90}}]},"41":{"loc":{"start":{"line":289,"column":2},"end":{"line":291,"column":null}},"type":"if","locations":[{"start":{"line":289,"column":2},"end":{"line":291,"column":null}},{"start":{},"end":{}}]},"42":{"loc":{"start":{"line":292,"column":2},"end":{"line":295,"column":null}},"type":"if","locations":[{"start":{"line":292,"column":2},"end":{"line":295,"column":null}},{"start":{},"end":{}}]},"43":{"loc":{"start":{"line":296,"column":2},"end":{"line":298,"column":null}},"type":"if","locations":[{"start":{"line":296,"column":2},"end":{"line":298,"column":null}},{"start":{},"end":{}}]},"44":{"loc":{"start":{"line":311,"column":44},"end":{"line":311,"column":null}},"type":"binary-expr","locations":[{"start":{"line":311,"column":44},"end":{"line":311,"column":80}},{"start":{"line":311,"column":80},"end":{"line":311,"column":null}}]},"45":{"loc":{"start":{"line":316,"column":22},"end":{"line":316,"column":null}},"type":"cond-expr","locations":[{"start":{"line":316,"column":34},"end":{"line":316,"column":81}},{"start":{"line":316,"column":81},"end":{"line":316,"column":null}}]}},"s":{"0":0,"1":0,"2":0,"3":0,"4":0,"5":0,"6":0,"7":0,"8":0,"9":0,"10":0,"11":0,"12":0,"13":0,"14":0,"15":0,"16":0,"17":0,"18":0,"19":0,"20":0,"21":0,"22":0,"23":0,"24":0,"25":0,"26":0,"27":0,"28":0,"29":0,"30":0,"31":0,"32":0,"33":0,"34":0,"35":0,"36":0,"37":0,"38":0,"39":0,"40":0,"41":0,"42":0,"43":0,"44":0,"45":0,"46":0,"47":0,"48":0,"49":0,"50":0,"51":0,"52":0,"53":0,"54":0,"55":0,"56":0,"57":0,"58":0,"59":0,"60":0,"61":0,"62":0,"63":0,"64":0,"65":0,"66":0,"67":0,"68":0,"69":0,"70":0,"71":0,"72":0,"73":0,"74":0,"75":0,"76":0,"77":0,"78":0,"79":0,"80":0,"81":0,"82":0,"83":0,"84":0,"85":0,"86":0,"87":0,"88":0,"89":0,"90":0,"91":0,"92":0,"93":0,"94":0,"95":0,"96":0,"97":0,"98":0,"99":0,"100":0,"101":0,"102":0,"103":0,"104":0},"f":{"0":0,"1":0,"2":0,"3":0,"4":0,"5":0,"6":0,"7":0,"8":0,"9":0},"b":{"0":[0,0],"1":[0,0],"2":[0,0,0,0,0],"3":[0,0],"4":[0,0],"5":[0,0],"6":[0,0],"7":[0,0],"8":[0,0],"9":[0,0],"10":[0,0],"11":[0,0,0,0],"12":[0,0],"13":[0,0],"14":[0,0],"15":[0,0],"16":[0,0],"17":[0,0],"18":[0,0],"19":[0,0],"20":[0,0],"21":[0,0],"22":[0,0],"23":[0,0],"24":[0,0],"25":[0,0,0,0],"26":[0,0],"27":[0,0],"28":[0,0],"29":[0,0],"30":[0,0],"31":[0,0],"32":[0,0],"33":[0,0],"34":[0,0],"35":[0,0,0],"36":[0,0],"37":[0,0],"38":[0,0],"39":[0,0],"40":[0,0],"41":[0,0],"42":[0,0],"43":[0,0],"44":[0,0],"45":[0,0]}}
,"/Users/susansomerset/checkpoint/src/lib/student/schema.ts": {"path":"/Users/susansomerset/checkpoint/src/lib/student/schema.ts","statementMap":{"0":{"start":{"line":27,"column":13},"end":{"line":27,"column":36}},"1":{"start":{"line":37,"column":13},"end":{"line":37,"column":36}},"2":{"start":{"line":48,"column":13},"end":{"line":48,"column":32}},"3":{"start":{"line":55,"column":13},"end":{"line":55,"column":32}},"4":{"start":{"line":77,"column":13},"end":{"line":77,"column":33}},"5":{"start":{"line":64,"column":13},"end":{"line":64,"column":33}},"6":{"start":{"line":70,"column":13},"end":{"line":70,"column":33}},"7":{"start":{"line":13,"column":13},"end":{"line":13,"column":36}},"8":{"start":{"line":5,"column":13},"end":{"line":5,"column":32}},"9":{"start":{"line":1,"column":18},"end":{"line":1,"column":null}},"10":{"start":{"line":5,"column":32},"end":{"line":11,"column":null}},"11":{"start":{"line":13,"column":36},"end":{"line":24,"column":null}},"12":{"start":{"line":27,"column":36},"end":{"line":34,"column":null}},"13":{"start":{"line":37,"column":36},"end":{"line":45,"column":null}},"14":{"start":{"line":48,"column":32},"end":{"line":52,"column":null}},"15":{"start":{"line":55,"column":32},"end":{"line":61,"column":null}},"16":{"start":{"line":64,"column":33},"end":{"line":67,"column":null}},"17":{"start":{"line":70,"column":33},"end":{"line":74,"column":null}},"18":{"start":{"line":77,"column":33},"end":{"line":79,"column":null}}},"fnMap":{},"branchMap":{},"s":{"0":0,"1":0,"2":0,"3":0,"4":0,"5":0,"6":0,"7":0,"8":0,"9":0,"10":0,"11":0,"12":0,"13":0,"14":0,"15":0,"16":0,"17":0,"18":0},"f":{},"b":{}}
,"/Users/susansomerset/checkpoint/src/lib/student/transform.ts": {"path":"/Users/susansomerset/checkpoint/src/lib/student/transform.ts","statementMap":{"0":{"start":{"line":12,"column":16},"end":{"line":12,"column":28}},"1":{"start":{"line":3,"column":16},"end":{"line":3,"column":null}},"2":{"start":{"line":18,"column":16},"end":{"line":18,"column":34}},"3":{"start":{"line":4,"column":2},"end":{"line":9,"column":null}},"4":{"start":{"line":15,"column":2},"end":{"line":15,"column":null}},"5":{"start":{"line":20,"column":2},"end":{"line":20,"column":null}}},"fnMap":{"0":{"name":"makeFreshStudentData","decl":{"start":{"line":3,"column":16},"end":{"line":3,"column":null}},"loc":{"start":{"line":3,"column":16},"end":{"line":10,"column":null}}},"1":{"name":"applyDeltas","decl":{"start":{"line":12,"column":16},"end":{"line":12,"column":28}},"loc":{"start":{"line":12,"column":48},"end":{"line":16,"column":null}}},"2":{"name":"recomputeStatuses","decl":{"start":{"line":18,"column":16},"end":{"line":18,"column":34}},"loc":{"start":{"line":18,"column":50},"end":{"line":21,"column":null}}}},"branchMap":{},"s":{"0":0,"1":0,"2":0,"3":0,"4":0,"5":0},"f":{"0":0,"1":0,"2":0},"b":{}}
,"/Users/susansomerset/checkpoint/src/mocks/handlers.ts": {"path":"/Users/susansomerset/checkpoint/src/mocks/handlers.ts","statementMap":{"0":{"start":{"line":169,"column":13},"end":{"line":169,"column":24}},"1":{"start":{"line":2,"column":35},"end":{"line":2,"column":null}},"2":{"start":{"line":6,"column":45},"end":{"line":141,"column":null}},"3":{"start":{"line":143,"column":39},"end":{"line":167,"column":null}},"4":{"start":{"line":169,"column":24},"end":{"line":209,"column":null}},"5":{"start":{"line":172,"column":4},"end":{"line":172,"column":null}},"6":{"start":{"line":177,"column":4},"end":{"line":177,"column":null}},"7":{"start":{"line":182,"column":4},"end":{"line":182,"column":null}},"8":{"start":{"line":187,"column":4},"end":{"line":187,"column":null}},"9":{"start":{"line":192,"column":4},"end":{"line":194,"column":null}},"10":{"start":{"line":199,"column":4},"end":{"line":201,"column":null}},"11":{"start":{"line":207,"column":4},"end":{"line":207,"column":null}}},"fnMap":{"0":{"name":"(anonymous_1)","decl":{"start":{"line":171,"column":32},"end":{"line":171,"column":null}},"loc":{"start":{"line":171,"column":32},"end":{"line":173,"column":null}}},"1":{"name":"(anonymous_2)","decl":{"start":{"line":176,"column":28},"end":{"line":176,"column":null}},"loc":{"start":{"line":176,"column":28},"end":{"line":178,"column":null}}},"2":{"name":"(anonymous_3)","decl":{"start":{"line":181,"column":40},"end":{"line":181,"column":null}},"loc":{"start":{"line":181,"column":40},"end":{"line":183,"column":null}}},"3":{"name":"(anonymous_4)","decl":{"start":{"line":186,"column":39},"end":{"line":186,"column":null}},"loc":{"start":{"line":186,"column":39},"end":{"line":188,"column":null}}},"4":{"name":"(anonymous_5)","decl":{"start":{"line":191,"column":38},"end":{"line":191,"column":null}},"loc":{"start":{"line":191,"column":38},"end":{"line":196,"column":null}}},"5":{"name":"(anonymous_6)","decl":{"start":{"line":198,"column":42},"end":{"line":198,"column":null}},"loc":{"start":{"line":198,"column":42},"end":{"line":203,"column":null}}},"6":{"name":"(anonymous_7)","decl":{"start":{"line":206,"column":46},"end":{"line":206,"column":null}},"loc":{"start":{"line":206,"column":46},"end":{"line":208,"column":null}}}},"branchMap":{},"s":{"0":0,"1":0,"2":0,"3":0,"4":0,"5":0,"6":0,"7":0,"8":0,"9":0,"10":0,"11":0},"f":{"0":0,"1":0,"2":0,"3":0,"4":0,"5":0,"6":0},"b":{}}
}
