TN:
SF:src/middleware.ts
FNF:0
FNH:0
DA:1,0
DA:3,0
DA:5,0
LF:3
LH:0
BRF:0
BRH:0
end_of_record
TN:
SF:src/types.ts
FNF:0
FNH:0
DA:2,0
LF:1
LH:0
BRDA:2,0,0,0
BRDA:2,0,1,0
BRF:2
BRH:0
end_of_record
TN:
SF:src/app/layout.tsx
FN:24,RootLayout
FNF:1
FNH:0
FNDA:0,RootLayout
DA:2,0
DA:3,0
DA:4,0
DA:6,0
DA:11,0
DA:16,0
DA:24,0
LF:7
LH:0
BRF:0
BRH:0
end_of_record
TN:
SF:src/app/page.tsx
FN:7,AuthButtons
FN:8,(anonymous_2)
FN:12,(anonymous_3)
FN:28,Home
FN:32,(anonymous_5)
FN:35,(anonymous_6)
FN:38,(anonymous_7)
FNF:7
FNH:0
FNDA:0,AuthButtons
FNDA:0,(anonymous_2)
FNDA:0,(anonymous_3)
FNDA:0,Home
FNDA:0,(anonymous_5)
FNDA:0,(anonymous_6)
FNDA:0,(anonymous_7)
DA:3,0
DA:4,0
DA:5,0
DA:8,0
DA:9,0
DA:12,0
DA:13,0
DA:28,0
DA:29,0
DA:30,0
DA:32,0
DA:33,0
DA:35,0
DA:36,0
DA:38,0
DA:42,0
DA:51,0
DA:61,0
LF:18
LH:0
BRDA:33,0,0,0
BRDA:33,0,1,0
BRDA:42,1,0,0
BRDA:42,1,1,0
BRDA:51,2,0,0
BRDA:51,2,1,0
BRDA:55,3,0,0
BRDA:55,3,1,0
BRDA:55,3,2,0
BRDA:61,4,0,0
BRDA:61,4,1,0
BRF:11
BRH:0
end_of_record
TN:
SF:src/app/api/auth/[auth0]/route.ts
FNF:0
FNH:0
DA:1,0
DA:4,0
DA:9,0
LF:3
LH:0
BRF:0
BRH:0
end_of_record
TN:
SF:src/app/api/auth/me/route.ts
FN:4,GET
FNF:1
FNH:0
FNDA:0,GET
DA:1,0
DA:2,0
DA:4,0
DA:5,0
DA:6,0
DA:7,0
LF:6
LH:0
BRDA:9,0,0,0
BRDA:9,0,1,0
BRDA:10,1,0,0
BRDA:10,1,1,0
BRDA:11,2,0,0
BRDA:11,2,1,0
BRF:6
BRH:0
end_of_record
TN:
SF:src/app/api/auth/validate/route.ts
FN:4,GET
FNF:1
FNH:0
FNDA:0,GET
DA:1,0
DA:2,0
DA:4,0
DA:5,0
DA:6,0
DA:7,0
DA:9,0
DA:10,0
DA:20,0
DA:30,0
LF:10
LH:0
BRDA:9,0,0,0
BRDA:9,0,1,0
BRDA:9,1,0,0
BRDA:9,1,1,0
BRF:4
BRH:0
end_of_record
TN:
SF:src/app/api/metadata/route.ts
FN:4,GET
FN:42,POST
FNF:2
FNH:0
FNDA:0,GET
FNDA:0,POST
DA:1,0
DA:2,0
DA:4,0
DA:5,0
DA:6,0
DA:7,0
DA:8,0
DA:9,0
DA:11,0
DA:13,0
DA:14,0
DA:15,0
DA:20,0
DA:21,0
DA:22,0
DA:24,0
DA:25,0
DA:28,0
DA:30,0
DA:31,0
DA:33,0
DA:34,0
DA:37,0
DA:38,0
DA:42,0
DA:43,0
DA:44,0
DA:45,0
DA:46,0
DA:47,0
DA:48,0
DA:50,0
DA:51,0
LF:33
LH:0
BRDA:11,0,0,0
BRDA:11,0,1,0
BRDA:13,1,0,0
BRDA:13,1,1,0
BRDA:20,2,0,0
BRDA:20,2,1,0
BRF:6
BRH:0
end_of_record
TN:
SF:src/app/api/student-data/route.ts
FN:7,GET
FN:29,PUT
FNF:2
FNH:0
FNDA:0,GET
FNDA:0,PUT
DA:2,0
DA:3,0
DA:4,0
DA:5,0
DA:7,0
DA:8,0
DA:11,0
DA:12,0
DA:13,0
DA:14,0
DA:15,0
DA:16,0
DA:17,0
DA:20,0
DA:24,0
DA:25,0
DA:26,0
DA:29,0
DA:30,0
DA:31,0
DA:32,0
DA:33,0
DA:34,0
LF:23
LH:0
BRDA:13,0,0,0
BRDA:13,0,1,0
BRDA:13,1,0,0
BRDA:13,1,1,0
BRDA:14,2,0,0
BRDA:14,2,1,0
BRDA:16,3,0,0
BRDA:16,3,1,0
BRDA:26,4,0,0
BRDA:26,4,1,0
BRF:10
BRH:0
end_of_record
TN:
SF:src/app/api/student-data/reset/route.ts
FN:15,POST
FN:49,(anonymous_7)
FN:66,(anonymous_8)
FN:68,(anonymous_9)
FN:69,(anonymous_10)
FN:72,(anonymous_11)
FN:89,(anonymous_12)
FN:109,(anonymous_13)
FN:110,(anonymous_14)
FN:116,(anonymous_15)
FN:121,(anonymous_16)
FN:141,(anonymous_17)
FN:148,(anonymous_18)
FNF:13
FNH:0
FNDA:0,POST
FNDA:0,(anonymous_7)
FNDA:0,(anonymous_8)
FNDA:0,(anonymous_9)
FNDA:0,(anonymous_10)
FNDA:0,(anonymous_11)
FNDA:0,(anonymous_12)
FNDA:0,(anonymous_13)
FNDA:0,(anonymous_14)
FNDA:0,(anonymous_15)
FNDA:0,(anonymous_16)
FNDA:0,(anonymous_17)
FNDA:0,(anonymous_18)
DA:1,0
DA:3,0
DA:4,0
DA:5,0
DA:6,0
DA:7,0
DA:8,0
DA:10,0
DA:11,0
DA:12,0
DA:15,0
DA:16,0
DA:19,0
DA:20,0
DA:21,0
DA:22,0
DA:28,0
DA:30,0
DA:31,0
DA:33,0
DA:35,0
DA:36,0
DA:37,0
DA:40,0
DA:41,0
DA:45,0
DA:46,0
DA:47,0
DA:49,0
DA:54,0
DA:57,0
DA:58,0
DA:61,0
DA:62,0
DA:66,0
DA:67,0
DA:68,0
DA:69,0
DA:73,0
DA:74,0
DA:75,0
DA:76,0
DA:82,0
DA:83,0
DA:88,0
DA:89,0
DA:90,0
DA:91,0
DA:94,0
DA:95,0
DA:96,0
DA:99,0
DA:100,0
DA:104,0
DA:105,0
DA:107,0
DA:109,0
DA:110,0
DA:113,0
DA:114,0
DA:116,0
DA:122,0
DA:123,0
DA:124,0
DA:125,0
DA:132,0
DA:133,0
DA:140,0
DA:141,0
DA:142,0
DA:143,0
DA:144,0
DA:147,0
DA:148,0
DA:149,0
DA:150,0
DA:153,0
DA:154,0
DA:157,0
DA:158,0
DA:161,0
DA:164,0
DA:165,0
DA:167,0
DA:175,0
DA:176,0
DA:179,0
DA:180,0
DA:181,0
DA:182,0
DA:185,0
DA:186,0
DA:187,0
DA:188,0
DA:191,0
DA:192,0
DA:193,0
DA:194,0
DA:197,0
DA:198,0
DA:200,0
DA:203,0
DA:204,0
DA:206,0
DA:207,0
DA:209,0
DA:220,0
DA:221,0
LF:108
LH:0
BRDA:21,0,0,0
BRDA:21,0,1,0
BRDA:40,1,0,0
BRDA:40,1,1,0
BRDA:61,2,0,0
BRDA:61,2,1,0
BRDA:73,3,0,0
BRDA:73,3,1,0
BRDA:99,4,0,0
BRDA:99,4,1,0
BRDA:99,5,0,0
BRDA:99,5,1,0
BRDA:110,6,0,0
BRDA:110,6,1,0
BRDA:113,7,0,0
BRDA:113,7,1,0
BRDA:122,8,0,0
BRDA:122,8,1,0
BRDA:142,9,0,0
BRDA:142,9,1,0
BRDA:153,10,0,0
BRDA:153,10,1,0
BRDA:153,11,0,0
BRDA:153,11,1,0
BRDA:165,12,0,0
BRDA:165,12,1,0
BRDA:165,13,0,0
BRDA:165,13,1,0
BRDA:204,14,0,0
BRDA:204,14,1,0
BRDA:204,15,0,0
BRDA:204,15,1,0
BRF:32
BRH:0
end_of_record
TN:
SF:src/app/api/student-data/update/route.ts
FN:5,POST
FNF:1
FNH:0
FNDA:0,POST
DA:2,0
DA:3,0
DA:5,0
DA:6,0
DA:7,0
DA:9,0
DA:10,0
LF:7
LH:0
BRDA:7,0,0,0
BRDA:7,0,1,0
BRF:2
BRH:0
end_of_record
TN:
SF:src/app/dashboard/page.tsx
FN:5,Toggle
FN:9,(anonymous_3)
FN:17,JsonNode
FN:24,(anonymous_5)
FN:32,(anonymous_6)
FN:40,DashboardPage
FN:59,(anonymous_8)
FN:60,validateSession
FN:78,getStudentData
FN:92,resetStudentData
FN:116,getMetadata
FN:131,saveMetadata
FN:167,(anonymous_14)
FN:182,(anonymous_15)
FN:197,(anonymous_16)
FN:211,(anonymous_17)
FN:242,(anonymous_18)
FNF:17
FNH:0
FNDA:0,Toggle
FNDA:0,(anonymous_3)
FNDA:0,JsonNode
FNDA:0,(anonymous_5)
FNDA:0,(anonymous_6)
FNDA:0,DashboardPage
FNDA:0,(anonymous_8)
FNDA:0,validateSession
FNDA:0,getStudentData
FNDA:0,resetStudentData
FNDA:0,getMetadata
FNDA:0,saveMetadata
FNDA:0,(anonymous_14)
FNDA:0,(anonymous_15)
FNDA:0,(anonymous_16)
FNDA:0,(anonymous_17)
FNDA:0,(anonymous_18)
DA:2,0
DA:3,0
DA:6,0
DA:9,0
DA:18,0
DA:21,0
DA:25,0
DA:33,0
DA:40,0
DA:41,0
DA:42,0
DA:43,0
DA:44,0
DA:45,0
DA:46,0
DA:47,0
DA:48,0
DA:49,0
DA:50,0
DA:51,0
DA:52,0
DA:53,0
DA:54,0
DA:59,0
DA:61,0
DA:62,0
DA:66,0
DA:67,0
DA:69,0
DA:71,0
DA:75,0
DA:79,0
DA:80,0
DA:81,0
DA:82,0
DA:83,0
DA:84,0
DA:86,0
DA:88,0
DA:93,0
DA:94,0
DA:95,0
DA:96,0
DA:97,0
DA:101,0
DA:102,0
DA:104,0
DA:105,0
DA:108,0
DA:110,0
DA:112,0
DA:117,0
DA:118,0
DA:119,0
DA:120,0
DA:121,0
DA:122,0
DA:123,0
DA:125,0
DA:127,0
DA:132,0
DA:133,0
DA:134,0
DA:135,0
DA:136,0
DA:137,0
DA:142,0
DA:143,0
DA:145,0
DA:147,0
DA:152,0
DA:161,0
DA:167,0
DA:176,0
DA:182,0
DA:191,0
DA:197,0
DA:211,0
DA:242,0
LF:79
LH:0
BRDA:10,0,0,0
BRDA:10,0,1,0
BRDA:12,1,0,0
BRDA:18,2,0,0
BRDA:18,2,1,0
BRDA:18,3,0,0
BRDA:18,3,1,0
BRDA:21,4,0,0
BRDA:21,4,1,0
BRDA:82,5,0,0
BRDA:82,5,1,0
BRDA:86,6,0,0
BRDA:86,6,1,0
BRDA:101,7,0,0
BRDA:101,7,1,0
BRDA:104,8,0,0
BRDA:104,8,1,0
BRDA:105,9,0,0
BRDA:105,9,1,0
BRDA:108,10,0,0
BRDA:108,10,1,0
BRDA:108,11,0,0
BRDA:108,11,1,0
BRDA:108,12,0,0
BRDA:108,12,1,0
BRDA:108,13,0,0
BRDA:108,13,1,0
BRDA:110,14,0,0
BRDA:110,14,1,0
BRDA:121,15,0,0
BRDA:121,15,1,0
BRDA:125,16,0,0
BRDA:125,16,1,0
BRDA:142,17,0,0
BRDA:142,17,1,0
BRDA:145,18,0,0
BRDA:145,18,1,0
BRDA:152,19,0,0
BRDA:152,19,1,0
BRDA:152,20,0,0
BRDA:152,20,1,0
BRDA:161,21,0,0
BRDA:161,21,1,0
BRDA:176,22,0,0
BRDA:176,22,1,0
BRDA:191,23,0,0
BRDA:191,23,1,0
BRDA:217,24,0,0
BRDA:217,24,1,0
BRDA:217,24,2,0
BRDA:221,25,0,0
BRDA:221,25,1,0
BRDA:228,26,0,0
BRDA:228,26,1,0
BRDA:231,27,0,0
BRDA:231,27,1,0
BRDA:235,28,0,0
BRDA:236,29,0,0
BRDA:237,30,0,0
BRDA:257,31,0,0
BRDA:257,31,1,0
BRDA:260,32,0,0
BRDA:260,32,1,0
BRDA:262,33,0,0
BRDA:264,34,0,0
BRDA:272,35,0,0
BRF:66
BRH:0
end_of_record
TN:
SF:src/app/settings/page.tsx
FN:1,SettingsPage
FNF:1
FNH:0
FNDA:0,SettingsPage
DA:1,0
LF:1
LH:0
BRF:0
BRH:0
end_of_record
TN:
SF:src/components/TestJsonViewer.tsx
FN:10,Toggle
FN:15,(anonymous_3)
FN:33,JsonNode
FN:48,(anonymous_5)
FN:57,(anonymous_6)
FN:64,TestJsonViewer
FNF:6
FNH:0
FNDA:0,Toggle
FNDA:0,(anonymous_3)
FNDA:0,JsonNode
FNDA:0,(anonymous_5)
FNDA:0,(anonymous_6)
FNDA:0,TestJsonViewer
DA:3,0
DA:11,0
DA:15,0
DA:34,0
DA:45,0
DA:49,0
DA:58,0
DA:64,0
LF:8
LH:0
BRDA:26,0,0,0
BRDA:26,0,1,0
BRDA:28,1,0,0
BRDA:34,2,0,0
BRDA:34,2,1,0
BRDA:34,3,0,0
BRDA:34,3,1,0
BRDA:38,4,0,0
BRDA:38,4,1,0
BRDA:38,5,0,0
BRDA:38,5,1,0
BRDA:39,6,0,0
BRDA:39,6,1,0
BRDA:39,7,0,0
BRDA:39,7,1,0
BRDA:45,8,0,0
BRDA:45,8,1,0
BRDA:73,9,0,0
BRF:18
BRH:0
end_of_record
TN:
SF:src/lib/auth/auth0.ts
FN:4,requireSession
FNF:1
FNH:0
FNDA:0,requireSession
DA:1,0
DA:2,0
DA:4,0
DA:5,0
DA:6,0
DA:7,0
DA:9,0
DA:11,0
LF:8
LH:0
BRDA:7,0,0,0
BRDA:7,0,1,0
BRF:2
BRH:0
end_of_record
TN:
SF:src/lib/canvas/assignments.ts
FN:17,getAssignments
FNF:1
FNH:0
FNDA:0,getAssignments
DA:2,0
DA:17,0
DA:18,0
DA:20,0
LF:4
LH:0
BRF:0
BRH:0
end_of_record
TN:
SF:src/lib/canvas/client.ts
FN:36,(anonymous_3)
FN:54,(anonymous_4)
FN:63,(anonymous_5)
FN:65,(anonymous_6)
FN:78,(anonymous_7)
FN:86,(anonymous_8)
FN:122,(anonymous_9)
FN:134,(anonymous_10)
FN:146,(anonymous_11)
FN:155,(anonymous_12)
FN:156,(anonymous_13)
FN:170,(anonymous_14)
FN:180,(anonymous_15)
FN:182,(anonymous_16)
FN:216,(anonymous_17)
FN:245,(anonymous_18)
FN:250,(anonymous_19)
FN:276,createCanvasClient
FNF:18
FNH:0
FNDA:0,(anonymous_3)
FNDA:0,(anonymous_4)
FNDA:0,(anonymous_5)
FNDA:0,(anonymous_6)
FNDA:0,(anonymous_7)
FNDA:0,(anonymous_8)
FNDA:0,(anonymous_9)
FNDA:0,(anonymous_10)
FNDA:0,(anonymous_11)
FNDA:0,(anonymous_12)
FNDA:0,(anonymous_13)
FNDA:0,(anonymous_14)
FNDA:0,(anonymous_15)
FNDA:0,(anonymous_16)
FNDA:0,(anonymous_17)
FNDA:0,(anonymous_18)
FNDA:0,(anonymous_19)
FNDA:0,createCanvasClient
DA:30,0
DA:33,0
DA:34,0
DA:37,0
DA:38,0
DA:56,0
DA:58,0
DA:59,0
DA:60,0
DA:62,0
DA:63,0
DA:64,0
DA:65,0
DA:67,0
DA:72,0
DA:79,0
DA:80,0
DA:87,0
DA:88,0
DA:90,0
DA:98,0
DA:99,0
DA:100,0
DA:104,0
DA:105,0
DA:106,0
DA:107,0
DA:108,0
DA:112,0
DA:115,0
DA:123,0
DA:124,0
DA:128,0
DA:135,0
DA:136,0
DA:139,0
DA:140,0
DA:147,0
DA:148,0
DA:156,0
DA:171,0
DA:172,0
DA:175,0
DA:176,0
DA:177,0
DA:179,0
DA:180,0
DA:181,0
DA:182,0
DA:184,0
DA:189,0
DA:191,0
DA:193,0
DA:196,0
DA:197,0
DA:200,0
DA:201,0
DA:204,0
DA:217,0
DA:218,0
DA:220,0
DA:222,0
DA:225,0
DA:226,0
DA:229,0
DA:230,0
DA:233,0
DA:246,0
DA:247,0
DA:250,0
DA:251,0
DA:252,0
DA:253,0
DA:254,0
DA:255,0
DA:256,0
DA:259,0
DA:276,0
DA:277,0
DA:278,0
DA:280,0
DA:281,0
DA:284,0
LF:83
LH:0
BRDA:58,0,0,0
BRDA:58,0,1,0
BRDA:59,1,0,0
BRDA:59,1,1,0
BRDA:62,2,0,0
BRDA:62,2,1,0
BRDA:64,3,0,0
BRDA:64,3,1,0
BRDA:78,4,0,0
BRDA:86,5,0,0
BRDA:98,6,0,0
BRDA:98,6,1,0
BRDA:104,7,0,0
BRDA:104,7,1,0
BRDA:123,8,0,0
BRDA:123,8,1,0
BRDA:128,9,0,0
BRDA:128,9,1,0
BRDA:128,9,2,0
BRDA:175,10,0,0
BRDA:175,10,1,0
BRDA:176,11,0,0
BRDA:176,11,1,0
BRDA:179,12,0,0
BRDA:179,12,1,0
BRDA:181,13,0,0
BRDA:181,13,1,0
BRDA:246,14,0,0
BRDA:246,14,1,0
BRDA:255,15,0,0
BRDA:255,15,1,0
BRDA:278,16,0,0
BRDA:278,16,1,0
BRDA:280,17,0,0
BRDA:280,17,1,0
BRDA:280,18,0,0
BRDA:280,18,1,0
BRF:37
BRH:0
end_of_record
TN:
SF:src/lib/canvas/courses.ts
FN:5,getAcademicYearStart
FN:39,getCoursesForSelf
FN:49,(anonymous_5)
FN:60,getCoursesForStudent
FN:70,(anonymous_7)
FNF:5
FNH:0
FNDA:0,getAcademicYearStart
FNDA:0,getCoursesForSelf
FNDA:0,(anonymous_5)
FNDA:0,getCoursesForStudent
FNDA:0,(anonymous_7)
DA:2,0
DA:6,0
DA:7,0
DA:8,0
DA:9,0
DA:39,0
DA:40,0
DA:41,0
DA:42,0
DA:46,0
DA:49,0
DA:50,0
DA:51,0
DA:52,0
DA:53,0
DA:56,0
DA:57,0
DA:60,0
DA:61,0
DA:62,0
DA:63,0
DA:67,0
DA:70,0
DA:71,0
DA:72,0
DA:73,0
DA:74,0
DA:77,0
DA:78,0
LF:29
LH:0
BRDA:50,0,0,0
BRDA:50,0,1,0
BRDA:71,1,0,0
BRDA:71,1,1,0
BRF:4
BRH:0
end_of_record
TN:
SF:src/lib/canvas/observees.ts
FN:11,getObservees
FNF:1
FNH:0
FNDA:0,getObservees
DA:2,0
DA:11,0
DA:12,0
DA:14,0
LF:4
LH:0
BRF:0
BRH:0
end_of_record
TN:
SF:src/lib/canvas/submissions.ts
FN:84,getSubmissionsForStudent
FNF:1
FNH:0
FNDA:0,getSubmissionsForStudent
DA:11,0
DA:84,0
DA:85,0
DA:89,0
DA:90,0
DA:91,0
DA:94,0
DA:97,0
LF:8
LH:0
BRDA:90,0,0,0
BRDA:90,0,1,0
BRF:2
BRH:0
end_of_record
TN:
SF:src/lib/contracts/api.ts
FN:33,(anonymous_8)
FN:39,(anonymous_9)
FN:46,(anonymous_10)
FNF:3
FNH:0
FNDA:0,(anonymous_8)
FNDA:0,(anonymous_9)
FNDA:0,(anonymous_10)
DA:1,0
DA:2,0
DA:5,0
DA:8,0
DA:12,0
DA:21,0
DA:29,0
DA:33,0
DA:34,0
DA:35,0
DA:37,0
DA:38,0
DA:39,0
DA:41,0
DA:46,0
DA:47,0
DA:48,0
DA:49,0
DA:51,0
LF:19
LH:0
BRDA:37,0,0,0
BRDA:37,0,1,0
BRF:2
BRH:0
end_of_record
TN:
SF:src/lib/contracts/types.ts
FNF:0
FNH:0
DA:1,0
DA:4,0
DA:8,0
DA:11,0
DA:20,0
DA:23,0
DA:29,0
DA:43,0
DA:54,0
DA:66,0
DA:75,0
DA:83,0
DA:93,0
DA:100,0
DA:108,0
DA:116,0
LF:16
LH:0
BRF:0
BRH:0
end_of_record
TN:
SF:src/lib/derive/canvasLinks.ts
FN:8,(anonymous_10)
FN:21,(anonymous_11)
FN:31,(anonymous_12)
FN:41,(anonymous_13)
FN:51,(anonymous_14)
FN:65,(anonymous_15)
FN:84,(anonymous_16)
FN:103,(anonymous_17)
FN:110,(anonymous_18)
FNF:9
FNH:0
FNDA:0,(anonymous_10)
FNDA:0,(anonymous_11)
FNDA:0,(anonymous_12)
FNDA:0,(anonymous_13)
FNDA:0,(anonymous_14)
FNDA:0,(anonymous_15)
FNDA:0,(anonymous_16)
FNDA:0,(anonymous_17)
FNDA:0,(anonymous_18)
DA:8,0
DA:10,0
DA:13,0
DA:15,0
DA:21,0
DA:22,0
DA:23,0
DA:25,0
DA:31,0
DA:32,0
DA:33,0
DA:35,0
DA:41,0
DA:42,0
DA:43,0
DA:45,0
DA:51,0
DA:52,0
DA:53,0
DA:54,0
DA:58,0
DA:65,0
DA:66,0
DA:67,0
DA:68,0
DA:69,0
DA:71,0
DA:72,0
DA:75,0
DA:77,0
DA:84,0
DA:85,0
DA:86,0
DA:87,0
DA:88,0
DA:90,0
DA:91,0
DA:94,0
DA:96,0
DA:103,0
DA:104,0
DA:110,0
DA:111,0
LF:43
LH:0
BRDA:10,0,0,0
BRDA:10,0,1,0
BRDA:22,1,0,0
BRDA:22,1,1,0
BRDA:32,2,0,0
BRDA:32,2,1,0
BRDA:42,3,0,0
BRDA:42,3,1,0
BRDA:54,4,0,0
BRDA:54,4,1,0
BRDA:54,4,2,0
BRDA:71,5,0,0
BRDA:71,5,1,0
BRDA:71,6,0,0
BRDA:71,6,1,0
BRDA:90,7,0,0
BRDA:90,7,1,0
BRDA:90,8,0,0
BRDA:90,8,1,0
BRDA:111,9,0,0
BRDA:111,9,1,0
BRF:21
BRH:0
end_of_record
TN:
SF:src/lib/derive/courseAggregates.ts
FN:24,(anonymous_5)
FN:26,(anonymous_6)
FN:85,(anonymous_7)
FN:95,(anonymous_8)
FN:106,(anonymous_9)
FN:122,(anonymous_10)
FN:133,(anonymous_11)
FNF:7
FNH:0
FNDA:0,(anonymous_5)
FNDA:0,(anonymous_6)
FNDA:0,(anonymous_7)
FNDA:0,(anonymous_8)
FNDA:0,(anonymous_9)
FNDA:0,(anonymous_10)
FNDA:0,(anonymous_11)
DA:24,0
DA:25,0
DA:26,0
DA:29,0
DA:40,0
DA:41,0
DA:42,0
DA:45,0
DA:46,0
DA:47,0
DA:48,0
DA:49,0
DA:51,0
DA:52,0
DA:53,0
DA:56,0
DA:57,0
DA:58,0
DA:59,0
DA:62,0
DA:66,0
DA:85,0
DA:86,0
DA:88,0
DA:89,0
DA:90,0
DA:95,0
DA:96,0
DA:97,0
DA:99,0
DA:106,0
DA:110,0
DA:111,0
DA:112,0
DA:115,0
DA:117,0
DA:118,0
DA:122,0
DA:123,0
DA:124,0
DA:126,0
DA:133,0
DA:143,0
DA:144,0
DA:145,0
DA:146,0
DA:147,0
DA:148,0
DA:149,0
DA:151,0
DA:152,0
DA:153,0
DA:154,0
DA:155,0
DA:156,0
DA:157,0
DA:160,0
DA:164,0
LF:58
LH:0
BRDA:42,0,0,0
BRDA:42,0,1,0
BRDA:52,1,0,0
BRDA:52,1,1,0
BRDA:62,2,0,0
BRDA:62,2,1,0
BRDA:68,3,0,0
BRDA:68,3,1,0
BRDA:68,3,2,0
BRDA:69,4,0,0
BRDA:69,4,1,0
BRDA:70,5,0,0
BRDA:70,5,1,0
BRDA:96,6,0,0
BRDA:96,6,1,0
BRDA:111,7,0,0
BRDA:111,7,1,0
BRDA:123,8,0,0
BRDA:123,8,1,0
BRDA:160,9,0,0
BRDA:160,9,1,0
BRF:21
BRH:0
end_of_record
TN:
SF:src/lib/derive/labels.ts
FN:6,(anonymous_7)
FN:38,(anonymous_8)
FN:51,(anonymous_9)
FN:77,(anonymous_10)
FN:103,(anonymous_11)
FN:116,(anonymous_12)
FN:135,(anonymous_13)
FNF:7
FNH:0
FNDA:0,(anonymous_7)
FNDA:0,(anonymous_8)
FNDA:0,(anonymous_9)
FNDA:0,(anonymous_10)
FNDA:0,(anonymous_11)
FNDA:0,(anonymous_12)
FNDA:0,(anonymous_13)
DA:6,0
DA:10,0
DA:11,0
DA:13,0
DA:15,0
DA:22,0
DA:25,0
DA:28,0
DA:31,0
DA:38,0
DA:39,0
DA:41,0
DA:51,0
DA:52,0
DA:54,0
DA:77,0
DA:78,0
DA:80,0
DA:103,0
DA:104,0
DA:106,0
DA:116,0
DA:117,0
DA:118,0
DA:120,0
DA:122,0
DA:124,0
DA:126,0
DA:128,0
DA:135,0
DA:141,0
DA:142,0
DA:143,0
DA:152,0
DA:154,0
LF:35
LH:0
BRDA:10,0,0,0
BRDA:10,0,1,0
BRDA:11,1,0,0
BRDA:11,1,1,0
BRDA:13,2,0,0
BRDA:13,2,1,0
BRDA:13,2,2,0
BRDA:13,2,3,0
BRDA:13,2,4,0
BRDA:13,2,5,0
BRDA:13,2,6,0
BRDA:13,2,7,0
BRDA:13,2,8,0
BRDA:15,3,0,0
BRDA:15,3,1,0
BRDA:22,4,0,0
BRDA:22,4,1,0
BRDA:25,5,0,0
BRDA:25,5,1,0
BRDA:28,6,0,0
BRDA:28,6,1,0
BRDA:31,7,0,0
BRDA:31,7,1,0
BRDA:39,8,0,0
BRDA:39,8,1,0
BRDA:54,9,0,0
BRDA:54,9,1,0
BRDA:80,10,0,0
BRDA:80,10,1,0
BRDA:104,11,0,0
BRDA:104,11,1,0
BRDA:106,12,0,0
BRDA:106,12,1,0
BRDA:117,13,0,0
BRDA:117,13,1,0
BRDA:118,14,0,0
BRDA:118,14,1,0
BRDA:120,15,0,0
BRDA:120,15,1,0
BRDA:120,15,2,0
BRDA:120,15,3,0
BRDA:141,16,0,0
BRDA:141,16,1,0
BRDA:142,17,0,0
BRDA:142,17,1,0
BRDA:143,18,0,0
BRDA:143,18,1,0
BRF:47
BRH:0
end_of_record
TN:
SF:src/lib/derive/pointsSizing.ts
FN:39,(anonymous_9)
FN:41,(anonymous_10)
FN:50,(anonymous_11)
FN:52,(anonymous_12)
FN:61,(anonymous_13)
FN:68,(anonymous_14)
FN:75,(anonymous_15)
FN:82,(anonymous_16)
FN:83,(anonymous_17)
FN:89,(anonymous_18)
FN:91,(anonymous_19)
FNF:11
FNH:0
FNDA:0,(anonymous_9)
FNDA:0,(anonymous_10)
FNDA:0,(anonymous_11)
FNDA:0,(anonymous_12)
FNDA:0,(anonymous_13)
FNDA:0,(anonymous_14)
FNDA:0,(anonymous_15)
FNDA:0,(anonymous_16)
FNDA:0,(anonymous_17)
FNDA:0,(anonymous_18)
FNDA:0,(anonymous_19)
DA:15,0
DA:39,0
DA:40,0
DA:41,0
DA:44,0
DA:50,0
DA:51,0
DA:52,0
DA:55,0
DA:61,0
DA:62,0
DA:68,0
DA:69,0
DA:75,0
DA:76,0
DA:82,0
DA:83,0
DA:89,0
DA:90,0
DA:91,0
LF:20
LH:0
BRDA:41,0,0,0
BRDA:41,0,1,0
BRDA:44,1,0,0
BRDA:44,1,1,0
BRDA:52,2,0,0
BRDA:52,2,1,0
BRDA:55,3,0,0
BRDA:55,3,1,0
BRDA:69,4,0,0
BRDA:69,4,1,0
BRDA:76,5,0,0
BRDA:76,5,1,0
BRDA:91,6,0,0
BRDA:91,6,1,0
BRF:14
BRH:0
end_of_record
TN:
SF:src/lib/derive/turnedInPct.ts
FN:6,(anonymous_8)
FN:18,(anonymous_9)
FN:41,(anonymous_10)
FN:48,(anonymous_11)
FN:49,(anonymous_12)
FN:55,(anonymous_13)
FN:62,(anonymous_14)
FN:63,(anonymous_15)
FN:69,(anonymous_16)
FNF:9
FNH:0
FNDA:0,(anonymous_8)
FNDA:0,(anonymous_9)
FNDA:0,(anonymous_10)
FNDA:0,(anonymous_11)
FNDA:0,(anonymous_12)
FNDA:0,(anonymous_13)
FNDA:0,(anonymous_14)
FNDA:0,(anonymous_15)
FNDA:0,(anonymous_16)
DA:6,0
DA:7,0
DA:11,0
DA:12,0
DA:18,0
DA:19,0
DA:20,0
DA:23,0
DA:24,0
DA:26,0
DA:27,0
DA:28,0
DA:31,0
DA:32,0
DA:35,0
DA:41,0
DA:42,0
DA:48,0
DA:49,0
DA:55,0
DA:56,0
DA:62,0
DA:63,0
DA:69,0
DA:73,0
DA:75,0
DA:76,0
DA:82,0
DA:83,0
DA:89,0
LF:30
LH:0
BRDA:7,0,0,0
BRDA:7,0,1,0
BRDA:19,1,0,0
BRDA:19,1,1,0
BRDA:31,2,0,0
BRDA:31,2,1,0
BRDA:56,3,0,0
BRDA:56,3,1,0
BRDA:75,4,0,0
BRDA:75,4,1,0
BRDA:82,5,0,0
BRDA:82,5,1,0
BRDA:85,6,0,0
BRDA:85,6,1,0
BRF:14
BRH:0
end_of_record
TN:
SF:src/lib/derive/weekWindow.ts
FN:11,(anonymous_14)
FN:19,(anonymous_15)
FN:32,(anonymous_16)
FN:43,(anonymous_17)
FN:53,(anonymous_18)
FN:61,(anonymous_19)
FN:77,(anonymous_20)
FN:113,(anonymous_21)
FN:123,(anonymous_22)
FN:144,(anonymous_23)
FN:154,(anonymous_24)
FN:169,(anonymous_25)
FN:180,(anonymous_26)
FNF:13
FNH:13
FNDA:1,(anonymous_14)
FNDA:28,(anonymous_15)
FNDA:9,(anonymous_16)
FNDA:8,(anonymous_17)
FNDA:6,(anonymous_18)
FNDA:3,(anonymous_19)
FNDA:8,(anonymous_20)
FNDA:2,(anonymous_21)
FNDA:4,(anonymous_22)
FNDA:2,(anonymous_23)
FNDA:2,(anonymous_24)
FNDA:1,(anonymous_25)
FNDA:1,(anonymous_26)
DA:6,1
DA:11,1
DA:12,1
DA:13,1
DA:19,3
DA:20,28
DA:21,28
DA:22,28
DA:23,28
DA:24,28
DA:25,28
DA:26,28
DA:32,1
DA:33,9
DA:34,9
DA:35,9
DA:36,9
DA:37,9
DA:43,1
DA:44,8
DA:45,8
DA:46,8
DA:47,8
DA:53,3
DA:54,6
DA:61,3
DA:62,3
DA:63,1
DA:66,2
DA:67,2
DA:68,2
DA:69,2
DA:70,2
DA:77,8
DA:78,8
DA:82,7
DA:83,7
DA:84,7
DA:87,7
DA:88,1
DA:92,6
DA:93,5
DA:94,5
DA:96,2
DA:102,1
DA:103,1
DA:113,2
DA:114,2
DA:115,2
DA:117,2
DA:123,2
DA:124,4
DA:125,4
DA:127,4
DA:128,4
DA:130,4
DA:131,22
DA:132,22
DA:133,16
DA:135,22
DA:138,4
DA:144,2
DA:145,2
DA:147,2
DA:148,2
DA:154,2
DA:155,2
DA:156,2
DA:159,2
DA:160,1
DA:163,2
DA:169,1
DA:170,1
DA:180,1
DA:181,1
DA:182,1
DA:184,1
DA:189,1
DA:195,1
LF:79
LH:79
BRDA:19,0,0,0
BRDA:22,1,0,1
BRDA:22,1,1,27
BRDA:32,2,0,0
BRDA:43,3,0,0
BRDA:55,4,0,6
BRDA:55,4,1,4
BRDA:62,5,0,1
BRDA:62,5,1,2
BRDA:67,6,0,1
BRDA:67,6,1,1
BRDA:77,7,0,0
BRDA:78,8,0,1
BRDA:78,8,1,7
BRDA:87,9,0,1
BRDA:87,9,1,6
BRDA:92,10,0,5
BRDA:92,10,1,1
BRDA:92,11,0,6
BRDA:92,11,1,6
BRDA:94,12,0,2
BRDA:94,12,1,3
BRDA:94,13,0,5
BRDA:94,13,1,4
BRDA:102,14,0,1
BRDA:102,14,1,0
BRDA:102,15,0,1
BRDA:102,15,1,1
BRDA:113,16,0,0
BRDA:132,17,0,16
BRDA:132,17,1,6
BRDA:132,18,0,22
BRDA:132,18,1,19
BRDA:144,19,0,0
BRDA:145,20,0,0
BRDA:145,20,1,2
BRDA:154,21,0,0
BRDA:159,22,0,1
BRDA:159,22,1,1
BRDA:180,23,0,0
BRF:40
BRH:30
end_of_record
TN:
SF:src/lib/meta/schema.ts
FNF:0
FNH:0
DA:1,0
DA:3,0
DA:8,0
DA:14,0
LF:4
LH:0
BRF:0
BRH:0
end_of_record
TN:
SF:src/lib/storage/index.ts
FN:4,loadStudentData
FN:12,saveStudentData
FN:21,saveStudentDataAtomically
FNF:3
FNH:0
FNDA:0,loadStudentData
FNDA:0,saveStudentData
FNDA:0,saveStudentDataAtomically
DA:1,0
DA:4,0
DA:5,0
DA:8,0
DA:12,0
DA:13,0
DA:16,0
DA:21,0
DA:22,0
LF:9
LH:0
BRDA:5,0,0,0
BRDA:5,0,1,0
BRDA:5,1,0,0
BRDA:5,1,1,0
BRDA:13,2,0,0
BRDA:13,2,1,0
BRDA:13,3,0,0
BRDA:13,3,1,0
BRF:8
BRH:0
end_of_record
TN:
SF:src/lib/storage/keys.ts
FNF:0
FNH:0
DA:1,0
DA:2,0
DA:3,0
LF:3
LH:0
BRF:0
BRH:0
end_of_record
TN:
SF:src/lib/storage/kv.ts
FN:6,loadStudentData
FN:17,saveStudentData
FN:29,get
FN:60,set
FN:72,saveMetadata
FN:76,getMetadata
FNF:6
FNH:0
FNDA:0,loadStudentData
FNDA:0,saveStudentData
FNDA:0,get
FNDA:0,set
FNDA:0,saveMetadata
FNDA:0,getMetadata
DA:2,0
DA:4,0
DA:6,0
DA:7,0
DA:8,0
DA:9,0
DA:10,0
DA:12,0
DA:13,0
DA:17,0
DA:18,0
DA:19,0
DA:20,0
DA:21,0
DA:23,0
DA:24,0
DA:29,0
DA:30,0
DA:31,0
DA:34,0
DA:35,0
DA:36,0
DA:37,0
DA:38,0
DA:40,0
DA:42,0
DA:46,0
DA:49,0
DA:50,0
DA:53,0
DA:55,0
DA:56,0
DA:60,0
DA:61,0
DA:63,0
DA:64,0
DA:65,0
DA:67,0
DA:68,0
DA:72,0
DA:73,0
DA:76,0
DA:77,0
DA:78,0
LF:44
LH:0
BRDA:9,0,0,0
BRDA:9,0,1,0
BRDA:9,1,0,0
BRDA:9,1,1,0
BRDA:10,2,0,0
BRDA:10,2,1,0
BRDA:35,3,0,0
BRDA:35,3,1,0
BRDA:36,4,0,0
BRDA:36,4,1,0
BRDA:38,5,0,0
BRDA:38,5,1,0
BRDA:46,6,0,0
BRDA:46,6,1,0
BRDA:46,7,0,0
BRDA:46,7,1,0
BRDA:49,8,0,0
BRDA:49,8,1,0
BRDA:49,9,0,0
BRDA:49,9,1,0
BRDA:63,10,0,0
BRDA:63,10,1,0
BRDA:78,11,0,0
BRDA:78,11,1,0
BRF:24
BRH:0
end_of_record
TN:
SF:src/lib/storage/persistence.ts
FN:5,getStudentData
FN:10,getMetaData
FN:15,setMetaData
FN:19,getLastLoadedAt
FN:25,saveStudentDataAtomically
FNF:5
FNH:0
FNDA:0,getStudentData
FNDA:0,getMetaData
FNDA:0,setMetaData
FNDA:0,getLastLoadedAt
FNDA:0,saveStudentDataAtomically
DA:1,0
DA:2,0
DA:5,0
DA:6,0
DA:7,0
DA:10,0
DA:11,0
DA:12,0
DA:15,0
DA:16,0
DA:19,0
DA:20,0
DA:21,0
DA:25,0
DA:26,0
DA:27,0
DA:29,0
DA:31,0
DA:32,0
DA:34,0
DA:35,0
DA:36,0
LF:22
LH:0
BRDA:7,0,0,0
BRDA:7,0,1,0
BRDA:12,1,0,0
BRDA:12,1,1,0
BRDA:21,2,0,0
BRDA:21,2,1,0
BRDA:32,3,0,0
BRDA:32,3,1,0
BRF:8
BRH:0
end_of_record
TN:
SF:src/lib/storage/prefix.ts
FN:1,keyPrefix
FN:5,(anonymous_4)
FNF:2
FNH:0
FNDA:0,keyPrefix
FNDA:0,(anonymous_4)
DA:1,0
DA:2,0
DA:3,0
DA:5,0
LF:4
LH:0
BRDA:2,0,0,0
BRDA:2,0,1,0
BRDA:3,1,0,0
BRDA:3,1,1,0
BRF:4
BRH:0
end_of_record
TN:
SF:src/lib/storage/redis-raw.ts
FN:5,getRedis
FN:15,getRaw
FN:19,setRaw
FN:22,delRaw
FNF:4
FNH:0
FNDA:0,getRedis
FNDA:0,getRaw
FNDA:0,setRaw
FNDA:0,delRaw
DA:1,0
DA:3,0
DA:6,0
DA:7,0
DA:8,0
DA:9,0
DA:10,0
DA:12,0
DA:15,0
DA:16,0
DA:17,0
DA:19,0
DA:20,0
DA:22,0
DA:23,0
LF:15
LH:0
BRDA:6,0,0,0
BRDA:6,0,1,0
BRDA:9,1,0,0
BRDA:9,1,1,0
BRDA:9,2,0,0
BRDA:9,2,1,0
BRDA:17,3,0,0
BRDA:17,3,1,0
BRF:8
BRH:0
end_of_record
TN:
SF:src/lib/student/builder.ts
FN:84,getAssignmentStatus
FN:158,calculateAssignmentPoints
FN:189,buildStudentData
FN:252,(anonymous_6)
FN:288,mapSubmissionStatus
FN:303,deriveCourseAggregates
FN:310,(anonymous_9)
FN:311,(anonymous_10)
FN:312,(anonymous_11)
FN:313,(anonymous_12)
FNF:10
FNH:0
FNDA:0,getAssignmentStatus
FNDA:0,calculateAssignmentPoints
FNDA:0,buildStudentData
FNDA:0,(anonymous_6)
FNDA:0,mapSubmissionStatus
FNDA:0,deriveCourseAggregates
FNDA:0,(anonymous_9)
FNDA:0,(anonymous_10)
FNDA:0,(anonymous_11)
FNDA:0,(anonymous_12)
DA:85,0
DA:86,0
DA:87,0
DA:88,0
DA:91,0
DA:92,0
DA:93,0
DA:94,0
DA:97,0
DA:98,0
DA:99,0
DA:100,0
DA:101,0
DA:102,0
DA:104,0
DA:105,0
DA:106,0
DA:107,0
DA:113,0
DA:114,0
DA:115,0
DA:116,0
DA:121,0
DA:122,0
DA:123,0
DA:124,0
DA:129,0
DA:130,0
DA:131,0
DA:132,0
DA:136,0
DA:137,0
DA:138,0
DA:139,0
DA:144,0
DA:145,0
DA:149,0
DA:150,0
DA:151,0
DA:155,0
DA:159,0
DA:160,0
DA:163,0
DA:164,0
DA:165,0
DA:166,0
DA:168,0
DA:170,0
DA:171,0
DA:173,0
DA:174,0
DA:175,0
DA:176,0
DA:177,0
DA:181,0
DA:182,0
DA:183,0
DA:184,0
DA:189,0
DA:190,0
DA:192,0
DA:195,0
DA:197,0
DA:199,0
DA:201,0
DA:204,0
DA:205,0
DA:216,0
DA:217,0
DA:230,0
DA:231,0
DA:232,0
DA:233,0
DA:251,0
DA:252,0
DA:254,0
DA:255,0
DA:256,0
DA:268,0
DA:272,0
DA:275,0
DA:277,0
DA:280,0
DA:283,0
DA:289,0
DA:290,0
DA:292,0
DA:294,0
DA:296,0
DA:297,0
DA:299,0
DA:303,0
DA:310,0
DA:311,0
DA:312,0
DA:313,0
DA:315,0
DA:316,0
DA:318,0
LF:99
LH:0
BRDA:94,0,0,0
BRDA:94,0,1,0
BRDA:97,1,0,0
BRDA:97,1,1,0
BRDA:97,2,0,0
BRDA:97,2,1,0
BRDA:97,2,2,0
BRDA:97,2,3,0
BRDA:97,2,4,0
BRDA:99,3,0,0
BRDA:99,3,1,0
BRDA:99,4,0,0
BRDA:99,4,1,0
BRDA:100,5,0,0
BRDA:100,5,1,0
BRDA:101,6,0,0
BRDA:101,6,1,0
BRDA:104,7,0,0
BRDA:104,7,1,0
BRDA:106,8,0,0
BRDA:106,8,1,0
BRDA:106,9,0,0
BRDA:106,9,1,0
BRDA:113,10,0,0
BRDA:113,10,1,0
BRDA:113,11,0,0
BRDA:113,11,1,0
BRDA:113,11,2,0
BRDA:113,11,3,0
BRDA:115,12,0,0
BRDA:115,12,1,0
BRDA:121,13,0,0
BRDA:121,13,1,0
BRDA:123,14,0,0
BRDA:123,14,1,0
BRDA:129,15,0,0
BRDA:129,15,1,0
BRDA:131,16,0,0
BRDA:131,16,1,0
BRDA:136,17,0,0
BRDA:136,17,1,0
BRDA:138,18,0,0
BRDA:138,18,1,0
BRDA:144,19,0,0
BRDA:144,19,1,0
BRDA:150,20,0,0
BRDA:150,20,1,0
BRDA:160,21,0,0
BRDA:160,21,1,0
BRDA:168,22,0,0
BRDA:168,22,1,0
BRDA:171,23,0,0
BRDA:171,23,1,0
BRDA:173,24,0,0
BRDA:173,24,1,0
BRDA:173,25,0,0
BRDA:173,25,1,0
BRDA:173,25,2,0
BRDA:173,25,3,0
BRDA:175,26,0,0
BRDA:175,26,1,0
BRDA:176,27,0,0
BRDA:176,27,1,0
BRDA:177,28,0,0
BRDA:177,28,1,0
BRDA:181,29,0,0
BRDA:181,29,1,0
BRDA:183,30,0,0
BRDA:183,30,1,0
BRDA:197,31,0,0
BRDA:197,31,1,0
BRDA:201,32,0,0
BRDA:201,32,1,0
BRDA:204,33,0,0
BRDA:204,33,1,0
BRDA:209,34,0,0
BRDA:209,34,1,0
BRDA:221,35,0,0
BRDA:221,35,1,0
BRDA:221,35,2,0
BRDA:222,36,0,0
BRDA:222,36,1,0
BRDA:223,37,0,0
BRDA:223,37,1,0
BRDA:230,38,0,0
BRDA:230,38,1,0
BRDA:246,39,0,0
BRDA:246,39,1,0
BRDA:251,40,0,0
BRDA:251,40,1,0
BRDA:289,41,0,0
BRDA:289,41,1,0
BRDA:292,42,0,0
BRDA:292,42,1,0
BRDA:296,43,0,0
BRDA:296,43,1,0
BRDA:311,44,0,0
BRDA:311,44,1,0
BRDA:316,45,0,0
BRDA:316,45,1,0
BRF:100
BRH:0
end_of_record
TN:
SF:src/lib/student/schema.ts
FNF:0
FNH:0
DA:1,0
DA:5,0
DA:13,0
DA:27,0
DA:37,0
DA:48,0
DA:55,0
DA:64,0
DA:70,0
DA:77,0
LF:10
LH:0
BRF:0
BRH:0
end_of_record
TN:
SF:src/lib/student/transform.ts
FN:3,makeFreshStudentData
FN:12,applyDeltas
FN:18,recomputeStatuses
FNF:3
FNH:0
FNDA:0,makeFreshStudentData
FNDA:0,applyDeltas
FNDA:0,recomputeStatuses
DA:3,0
DA:4,0
DA:12,0
DA:15,0
DA:18,0
DA:20,0
LF:6
LH:0
BRF:0
BRH:0
end_of_record
TN:
SF:src/mocks/handlers.ts
FN:171,(anonymous_1)
FN:176,(anonymous_2)
FN:181,(anonymous_3)
FN:186,(anonymous_4)
FN:191,(anonymous_5)
FN:198,(anonymous_6)
FN:206,(anonymous_7)
FNF:7
FNH:0
FNDA:0,(anonymous_1)
FNDA:0,(anonymous_2)
FNDA:0,(anonymous_3)
FNDA:0,(anonymous_4)
FNDA:0,(anonymous_5)
FNDA:0,(anonymous_6)
FNDA:0,(anonymous_7)
DA:2,0
DA:6,0
DA:143,0
DA:169,0
DA:172,0
DA:177,0
DA:182,0
DA:187,0
DA:192,0
DA:199,0
DA:207,0
LF:11
LH:0
BRF:0
BRH:0
end_of_record
